Removed Pin From Net: NetName=5V_USB Pin=C1-1
Removed Pin From Net: NetName=GND Pin=C1-2
Removed Pin From Net: NetName=GND Pin=C3-1
Removed Pin From Net: NetName=3.3V Pin=C3-2
Removed Pin From Net: NetName=+3..4.2V Pin=C6-1
Removed Pin From Net: NetName=GND Pin=C6-2
Removed Pin From Net: NetName=+5V Pin=DA2-1
Removed Pin From Net: NetName=GND Pin=DA2-2
Removed Pin From Net: NetName=3.3V Pin=DA2-5
Removed Pin From Net: NetName=5V_USB Pin=HL2-1
Removed Pin From Net: NetName=GND Pin=R3-1
Removed Pin From Net: NetName=Relay Pin=R6-2
Removed Pin From Net: NetName=+3..4.2V Pin=R9-1
Removed Member From Class: ClassName=LoRa_PCB Member=C21
Removed Member From Class: ClassName=LoRa_PCB Member=C26
Change Component Footprint: Designator=C1 Old Footprint=B_case New Footprint=C_0603
Change Component Footprint: Designator=HL1 Old Footprint=GNL-3012ED New Footprint=LED_0603_GREEN
Change Component Footprint: Designator=R4 Old Footprint=R_0805 New Footprint=R_0603
Change Component Footprint: Designator=R11 Old Footprint=R_0805 New Footprint=R_0603
Change Component Comment : Designator=R11 Old Comment=1ך New Comment=10 ך
Change Component Comment : Designator=C1 Old Comment=10 לך New Comment=0,1 לך
Change Component Comment : Designator=HL1 Old Comment=GNL-3012ED New Comment=BL-HGK36G
Change Component Designator: OldDesignator=C4 NewDesignator=C3
Change Component Designator: OldDesignator=C5 NewDesignator=C4
Change Component Designator: OldDesignator=C7 NewDesignator=C5
Change Component Designator: OldDesignator=C8 NewDesignator=C6
Change Component Designator: OldDesignator=C9 NewDesignator=C7
Change Component Designator: OldDesignator=C10 NewDesignator=C8
Change Component Designator: OldDesignator=C11 NewDesignator=C9
Change Component Designator: OldDesignator=C12 NewDesignator=C10
Change Component Designator: OldDesignator=C13 NewDesignator=C12
Change Component Designator: OldDesignator=C14 NewDesignator=C11
Change Component Designator: OldDesignator=C15 NewDesignator=C13
Change Component Designator: OldDesignator=C20 NewDesignator=C14
Change Component Designator: OldDesignator=C21 NewDesignator=C15
Change Component Designator: OldDesignator=C22 NewDesignator=C16
Change Component Designator: OldDesignator=C23 NewDesignator=C17
Change Component Designator: OldDesignator=C24 NewDesignator=C18
Change Component Designator: OldDesignator=C25 NewDesignator=C19
Change Component Designator: OldDesignator=C26 NewDesignator=C20
Change Component Designator: OldDesignator=DA1 NewDesignator=DA2
Change Component Designator: OldDesignator=G2 NewDesignator=G1
Change Component Designator: OldDesignator=HL3 NewDesignator=HL2
Change Component Designator: OldDesignator=HL4 NewDesignator=HL3
Change Component Designator: OldDesignator=HL7 NewDesignator=HL4
Change Component Designator: OldDesignator=R2 NewDesignator=R3
Change Component Designator: OldDesignator=R7 NewDesignator=R5
Change Component Designator: OldDesignator=R8 NewDesignator=R6
Change Component Designator: OldDesignator=R10 NewDesignator=R7
Change Component Designator: OldDesignator=R12 NewDesignator=R9
Change Component Designator: OldDesignator=R14 NewDesignator=R13
Change Component Designator: OldDesignator=R15 NewDesignator=R12
Change Component Designator: OldDesignator=R16 NewDesignator=R14
Change Component Designator: OldDesignator=R17 NewDesignator=R15
Change Component Designator: OldDesignator=R18 NewDesignator=R17
Change Component Designator: OldDesignator=R19 NewDesignator=R18
Change Component Designator: OldDesignator=R20 NewDesignator=R16
Change Component Designator: OldDesignator=R21 NewDesignator=R19
Change Component Designator: OldDesignator=R22 NewDesignator=R20
Change Component Designator: OldDesignator=R23 NewDesignator=R22
Change Component Designator: OldDesignator=R24 NewDesignator=R21
Change Component Designator: OldDesignator=R26 NewDesignator=R23
Change Component Designator: OldDesignator=R27 NewDesignator=R24
Change Component Designator: OldDesignator=SW1 NewDesignator=SW2
Change Component Designator: OldDesignator=SW2 NewDesignator=SW3
Change Component Designator: OldDesignator=SW3 NewDesignator=SW4
Change Component Designator: OldDesignator=SW4 NewDesignator=SW5
Change Component Designator: OldDesignator=SW5 NewDesignator=SW6
Change Component Designator: OldDesignator=SW6 NewDesignator=SW7
Change Component Designator: OldDesignator=SW7 NewDesignator=SW8
Change Component Designator: OldDesignator=SW8 NewDesignator=SW9
Change Component Designator: OldDesignator=SW9 NewDesignator=SW10
Change Component Designator: OldDesignator=SW10 NewDesignator=SW11
Change Component Designator: OldDesignator=SW11 NewDesignator=SW12
Change Component Designator: OldDesignator=SW12 NewDesignator=SW13
Change Component Designator: OldDesignator=SW13 NewDesignator=SW14
Change Component Designator: OldDesignator=SW14 NewDesignator=SW15
Change Component Designator: OldDesignator=SW15 NewDesignator=SW16
Change Component Designator: OldDesignator=SW16 NewDesignator=SW17
Change Component Designator: OldDesignator=SW17 NewDesignator=SW18
Change Component Designator: OldDesignator=SW18 NewDesignator=SW19
Change Component Designator: OldDesignator=SW19 NewDesignator=SW20
Change Component Designator: OldDesignator=SW20 NewDesignator=SW21
Change Component Designator: OldDesignator=SW21 NewDesignator=SW22
Change Component Designator: OldDesignator=SW22 NewDesignator=SW23
Change Component Designator: OldDesignator=SW23 NewDesignator=SW24
Change Component Designator: OldDesignator=SW24 NewDesignator=SW25
Change Component Designator: OldDesignator=SW25 NewDesignator=SW26
Change Component Designator: OldDesignator=SW26 NewDesignator=SW27
Change Component Designator: OldDesignator=SW27 NewDesignator=SW28
Change Component Designator: OldDesignator=SW28 NewDesignator=SW29
Change Component Designator: OldDesignator=SW29 NewDesignator=SW30
Change Component Designator: OldDesignator=SW30 NewDesignator=SW31
Change Component Designator: OldDesignator=SW31 NewDesignator=SW1
Change component parameters: Designator = "C1" ("C1"); Footprint = "B_case"; UniqueID = "\UWZSTXEF" ("\UWZSTXEF")
Change component parameters (AddParameter): Name = "Component Type"; Value = "Capasitor"; VariantName = "[No Variations]"
Change component parameters (AddParameter): Name = "ComponentLink1Description"; Value = "Datasheet"; VariantName = "[No Variations]"
Change component parameters (AddParameter): Name = "ComponentLink1URL"; Value = "https://search.murata.co.jp/Ceramy/image/img/A01X/G101/ENG/GRM188R72A104MA35-01.pdf"; VariantName = "[No Variations]"
Change component parameters (AddParameter): Name = "Manufacturer"; Value = "Murata Electronics"; VariantName = "[No Variations]"
Change component parameters (AddParameter): Name = "Part Number"; Value = "GRM188R72A104MA35D"; VariantName = "[No Variations]"
Change component parameters (AddParameter): Name = "Value"; Value = "0.1µF"; VariantName = "[No Variations]"
Change component parameters: Designator = "R4" ("R4"); Footprint = "R_0805"; UniqueID = "\RJDEXZPP" ("\RJDEXZPP")
Change component parameters (AddParameter): Name = "Component Type"; Value = "Resistor"; VariantName = "[No Variations]"
Change component parameters (AddParameter): Name = "ComponentLink1Description"; Value = "Datasheet"; VariantName = "[No Variations]"
Change component parameters (AddParameter): Name = "ComponentLink1URL"; Value = "https://www.bourns.com/pdfs/chpreztr.pdf"; VariantName = "[No Variations]"
Change component parameters (AddParameter): Name = "Manufacturer"; Value = "Bourns Inc."; VariantName = "[No Variations]"
Change component parameters (AddParameter): Name = "Part Number"; Value = "CR0603-FX-1001ELF"; VariantName = "[No Variations]"
Change component parameters (AddParameter): Name = "Value"; Value = "1 ך"; VariantName = "[No Variations]"
Change component parameters: Designator = "R11" ("R11"); Footprint = "R_0805"; UniqueID = "\QBGPDVMQ" ("\QBGPDVMQ")
Change component parameters (AddParameter): Name = "Component Type"; Value = "Resistor"; VariantName = "[No Variations]"
Change component parameters (AddParameter): Name = "ComponentLink1Description"; Value = "Datasheet"; VariantName = "[No Variations]"
Change component parameters (AddParameter): Name = "ComponentLink1URL"; Value = "https://www.bourns.com/pdfs/chpreztr.pdf"; VariantName = "[No Variations]"
Change component parameters (AddParameter): Name = "Manufacturer"; Value = "Bourns Inc."; VariantName = "[No Variations]"
Change component parameters (AddParameter): Name = "Part Number"; Value = "CR0603-FX-1002ELF"; VariantName = "[No Variations]"
Change component parameters (AddParameter): Name = "Value"; Value = "10 ך"; VariantName = "[No Variations]"
Added Component: Designator=DA1(TSOT23-5L)
Added Component: Designator=R2(R_0603)
Add component (AddParameter): Name = "Component Type"; Value = "Resistor"; VariantName = "[No Variations]"
Add component (AddParameter): Name = "ComponentLink1Description"; Value = "Datasheet"; VariantName = "[No Variations]"
Add component (AddParameter): Name = "ComponentLink1URL"; Value = "https://www.bourns.com/pdfs/chpreztr.pdf"; VariantName = "[No Variations]"
Add component (AddParameter): Name = "Manufacturer"; Value = "Bourns Inc."; VariantName = "[No Variations]"
Add component (AddParameter): Name = "Part Number"; Value = "CR0603-FX-2001ELF"; VariantName = "[No Variations]"
Add component (AddParameter): Name = "Value"; Value = "2 ך"; VariantName = "[No Variations]"
Added Component: Designator=R8(R_0603)
Add component (AddParameter): Name = "Component Type"; Value = "Resistor"; VariantName = "[No Variations]"
Add component (AddParameter): Name = "ComponentLink1Description"; Value = "Datasheet"; VariantName = "[No Variations]"
Add component (AddParameter): Name = "ComponentLink1URL"; Value = "https://www.bourns.com/pdfs/chpreztr.pdf"; VariantName = "[No Variations]"
Add component (AddParameter): Name = "Manufacturer"; Value = "Bourns Inc."; VariantName = "[No Variations]"
Add component (AddParameter): Name = "Part Number"; Value = "CR0603-FX-1002ELF"; VariantName = "[No Variations]"
Add component (AddParameter): Name = "Value"; Value = "10 ך"; VariantName = "[No Variations]"
Added Pin To Net: NetName=GND Pin=C1-1
Added Pin To Net: NetName=5V_USB Pin=C1-2
Added Pin To Net: NetName=GND Pin=DA1-2
Added Pin To Net: NetName=CELL Pin=DA1-3
Added Pin To Net: NetName=5V_USB Pin=DA1-4
Added Pin To Net: NetName=GND Pin=G1-1
Added Pin To Net: NetName=CELL Pin=G1-2
Added Pin To Net: NetName=GND Pin=R2-1
Added Pin To Net: NetName=Relay Pin=R4-2
Added Pin To Net: NetName=CELL Pin=R8-1
Change Net Name : Old Net Name=NetC13_1 New Net Name=NetC12_1
Change Net Name : Old Net Name=NetC15_1 New Net Name=NetC13_1
Change Net Name : Old Net Name=NetC21_2 New Net Name=NetC15_2
Change Net Name : Old Net Name=NetDA1_1 New Net Name=NetDA2_1
Change Net Name : Old Net Name=NetDA1_5 New Net Name=NetDA2_5
Change Net Name : Old Net Name=NetDA1_8 New Net Name=NetDA2_8
Change Net Name : Old Net Name=NetHL3_1 New Net Name=NetHL2_1
Change Net Name : Old Net Name=NetHL4_1 New Net Name=NetHL3_1
Change Net Name : Old Net Name=NetHL7_1 New Net Name=NetHL4_1
Change Net Name : Old Net Name=NetR12_1 New Net Name=NetR9_1
Change Net Name : Old Net Name=NetR20_1 New Net Name=NetR16_1
Added Pin To Net: NetName=Cell_VLT Pin=C10-2
Added Pin To Net: NetName=Cell_VLT Pin=R8-2
Added Pin To Net: NetName=Cell_VLT Pin=R11-1
Added Net: Name=Cell_VLT
Added Pin To Net: NetName=NetDA1_1 Pin=DA1-1
Added Pin To Net: NetName=NetDA1_1 Pin=HL1-2
Added Net: Name=NetDA1_1
Added Pin To Net: NetName=NetDA1_5 Pin=DA1-5
Added Pin To Net: NetName=NetDA1_5 Pin=R2-2
Added Net: Name=NetDA1_5
Added Pin To Net: NetName=NetR4_1 Pin=R4-1
Added Pin To Net: NetName=NetR4_1 Pin=VT1-1
Added Net: Name=NetR4_1
Added Member To Class: ClassName=LoRa_PCB Member=Component VD4 LL4148-GS08
