Removed Pin From Net: NetName=a Pin=DD?-38
Removed Pin From Net: NetName=b Pin=DD?-39
Removed Pin From Net: NetName=c Pin=DD?-40
Removed Pin From Net: NetName=d Pin=DD?-51
Removed Pin From Net: NetName=e Pin=DD?-52
Removed Member From Class: ClassName=LoRa_PCB Member=C?
Change Component Designator: OldDesignator=C? NewDesignator=C7
Change Component Designator: OldDesignator=C? NewDesignator=C8
Change Component Designator: OldDesignator=C? NewDesignator=C9
Change Component Designator: OldDesignator=C? NewDesignator=C12
Change Component Designator: OldDesignator=C? NewDesignator=C13
Change Component Designator: OldDesignator=C? NewDesignator=C19
Change Component Designator: OldDesignator=C? NewDesignator=C23
Change Component Designator: OldDesignator=DD? NewDesignator=DD1
Change Component Designator: OldDesignator=R? NewDesignator=R28
Change Component Designator: OldDesignator=XP? NewDesignator=XP3
Added Component: Designator=R23(R_0805)
Added Component: Designator=R24(R_0805)
Added Component: Designator=R25(R_0805)
Added Component: Designator=R26(R_0805)
Added Component: Designator=R27(R_0805)
Added Component: Designator=VD2(SOD-80)
Added Component: Designator=VD5(SOD-80)
Added Component: Designator=VD6(SOD-80)
Added Component: Designator=VD7(SOD-80)
Added Component: Designator=VD8(SOD-80)
Added Component: Designator=VD9(SOD-80)
Added Pin To Net: NetName=1 Pin=R23-1
Added Pin To Net: NetName=3V3 Pin=R23-2
Added Pin To Net: NetName=2 Pin=R24-1
Added Pin To Net: NetName=3V3 Pin=R24-2
Added Pin To Net: NetName=3 Pin=R25-1
Added Pin To Net: NetName=3V3 Pin=R25-2
Added Pin To Net: NetName=4 Pin=R26-1
Added Pin To Net: NetName=3V3 Pin=R26-2
Added Pin To Net: NetName=5 Pin=R27-1
Added Pin To Net: NetName=3V3 Pin=R27-2
Added Pin To Net: NetName=a Pin=VD2-1
Added Pin To Net: NetName=b Pin=VD5-1
Added Pin To Net: NetName=c Pin=VD6-1
Added Pin To Net: NetName=d Pin=VD7-1
Added Pin To Net: NetName=e Pin=VD8-1
Added Pin To Net: NetName=f Pin=VD9-1
Change Net Name : Old Net Name=a New Net Name=NetSW2_1
Change Net Name : Old Net Name=b New Net Name=NetSW7_1
Change Net Name : Old Net Name=c New Net Name=NetSW12_1
Change Net Name : Old Net Name=d New Net Name=NetSW17_1
Change Net Name : Old Net Name=e New Net Name=NetSW22_1
Change Net Name : Old Net Name=f New Net Name=NetSW27_1
Change Net Name : Old Net Name=NetC?_1 New Net Name=NetC19_1
Change Net Name : Old Net Name=NetC?_2 New Net Name=NetC19_2
Change Net Name : Old Net Name=NetDD?_5 New Net Name=NetDD1_5
Change Net Name : Old Net Name=NetDD?_6 New Net Name=NetDD1_6
Added Pin To Net: NetName=A Pin=DD1-38
Added Pin To Net: NetName=A Pin=VD2-2
Added Net: Name=A
Added Pin To Net: NetName=B Pin=DD1-39
Added Pin To Net: NetName=B Pin=VD5-2
Added Net: Name=B
Added Pin To Net: NetName=C Pin=DD1-40
Added Pin To Net: NetName=C Pin=VD6-2
Added Net: Name=C
Added Pin To Net: NetName=D Pin=DD1-51
Added Pin To Net: NetName=D Pin=VD7-2
Added Net: Name=D
Added Pin To Net: NetName=E Pin=DD1-52
Added Pin To Net: NetName=E Pin=VD8-2
Added Net: Name=E
Added Pin To Net: NetName=F Pin=VD9-2
Added Net: Name=F
Added Pin To Net: NetName=NetC23_2 Pin=C23-2
Added Pin To Net: NetName=NetC23_2 Pin=R14-1
Added Pin To Net: NetName=NetC23_2 Pin=R15-1
Added Pin To Net: NetName=NetC23_2 Pin=XS3-6
Added Net: Name=NetC23_2
Added Member To Class: ClassName=LoRa_PCB Member=Component C7 10 לך
Added Member To Class: ClassName=LoRa_PCB Member=Component C8 0,1 לך
Added Member To Class: ClassName=LoRa_PCB Member=Component C9 0,1 לך
Added Member To Class: ClassName=LoRa_PCB Member=Component C12 0,1 לך
Added Member To Class: ClassName=LoRa_PCB Member=Component C13 0,1 לך
Added Member To Class: ClassName=Sheet1 Member=Component C23 0.01
Added Member To Class: ClassName=Sheet1 Member=Component R23 10ך
Added Member To Class: ClassName=Sheet1 Member=Component R24 10ך
Added Member To Class: ClassName=Sheet1 Member=Component R25 10ך
Added Member To Class: ClassName=Sheet1 Member=Component R26 10ך
Added Member To Class: ClassName=Sheet1 Member=Component R27 10ך
Added Member To Class: ClassName=Sheet1 Member=Component VD2 LL4148-GS08
Added Member To Class: ClassName=Sheet1 Member=Component VD5 LL4148-GS08
Added Member To Class: ClassName=Sheet1 Member=Component VD6 LL4148-GS08
Added Member To Class: ClassName=Sheet1 Member=Component VD7 LL4148-GS08
Added Member To Class: ClassName=Sheet1 Member=Component VD8 LL4148-GS08
Added Member To Class: ClassName=Sheet1 Member=Component VD9 LL4148-GS08
