Removed Pin From Net: NetName=GND Pin=G?-1
Removed Pin From Net: NetName=GND Pin=R?-1
Removed Pin From Net: NetName=D+ Pin=R?-2
Removed Pin From Net: NetName=D- Pin=R?-2
Removed Pin From Net: NetName=TEMP Pin=R?-2
Removed Pin From Net: NetName=GND Pin=XS?-5
Change Component Footprint: Designator=XS? Old Footprint=KLS1-233-0-0-1-T New Footprint=USB-B
Change Component Footprint: Designator=R? Old Footprint=R_0805 New Footprint=R_0603
Change Component Footprint: Designator=R? Old Footprint=R_0805 New Footprint=R_0603
Change Component Comment : Designator=R? Old Comment=22 New Comment=10
Change Component Comment : Designator=R? Old Comment=22 New Comment=10
Change Component Comment : Designator=XS? Old Comment=KLS1-233-0-0-1-T New Comment=292304-2
Change component parameters: Designator = "R?"; Footprint = "R_0603"; UniqueID = "\EPPOCXFG"
Change component parameters. Clean all parameters for all variants
Change component parameters (AddParameter): Name = "ComponentLink1Description"; Value = "Datasheet"; VariantName = "[No Variations]"
Change component parameters (AddParameter): Name = "ComponentLink1URL"; Value = "https://www.bourns.com/pdfs/chpreztr.pdf"; VariantName = "[No Variations]"
Change component parameters (AddParameter): Name = "Component Type"; Value = "Resistor"; VariantName = "[No Variations]"
Change component parameters (AddParameter): Name = "Manufacturer"; Value = "Bourns Inc."; VariantName = "[No Variations]"
Change component parameters (AddParameter): Name = "Part Number"; Value = "CR0603-FX-10R0ELF"; VariantName = "[No Variations]"
Change component parameters (AddParameter): Name = "Value"; Value = "10"; VariantName = "[No Variations]"
Change component parameters: Designator = "R?"; Footprint = "R_0603"; UniqueID = "\SVBDPEGB"
Change component parameters. Clean all parameters for all variants
Change component parameters (AddParameter): Name = "ComponentLink1Description"; Value = "Datasheet"; VariantName = "[No Variations]"
Change component parameters (AddParameter): Name = "ComponentLink1URL"; Value = "https://www.bourns.com/pdfs/chpreztr.pdf"; VariantName = "[No Variations]"
Change component parameters (AddParameter): Name = "Component Type"; Value = "Resistor"; VariantName = "[No Variations]"
Change component parameters (AddParameter): Name = "Manufacturer"; Value = "Bourns Inc."; VariantName = "[No Variations]"
Change component parameters (AddParameter): Name = "Part Number"; Value = "CR0603-FX-10R0ELF"; VariantName = "[No Variations]"
Change component parameters (AddParameter): Name = "Value"; Value = "10"; VariantName = "[No Variations]"
Added Component: Designator=B?(BLM18)
Add component. Clean all parameters for all variants
Added Component: Designator=C?(B_CASE)
Add component. Clean all parameters for all variants
Add component (AddParameter): Name = "ComponentLink1Description"; Value = "Datasheet"; VariantName = "[No Variations]"
Add component (AddParameter): Name = "ComponentLink1URL"; Value = "http://datasheets.avx.com/TAJ.pdf"; VariantName = "[No Variations]"
Add component (AddParameter): Name = "Component Type"; Value = "Tantalum Capacitor"; VariantName = "[No Variations]"
Add component (AddParameter): Name = "Manufacturer"; Value = "AVX Corporation"; VariantName = "[No Variations]"
Add component (AddParameter): Name = "Part Number"; Value = "TAJB106K025RNJ"; VariantName = "[No Variations]"
Add component (AddParameter): Name = "Value"; Value = "10µF"; VariantName = "[No Variations]"
Added Component: Designator=C?(C_0603)
Add component. Clean all parameters for all variants
Add component (AddParameter): Name = "ComponentLink1Description"; Value = "Datasheet"; VariantName = "[No Variations]"
Add component (AddParameter): Name = "ComponentLink1URL"; Value = "https://www.murata.com/~/media/webrenewal/support/library/catalog/products/capacitor/mlcc/c02e.ashx?la=en-us"; VariantName = "[No Variations]"
Add component (AddParameter): Name = "Component Type"; Value = "Capasitor"; VariantName = "[No Variations]"
Add component (AddParameter): Name = "Manufacturer"; Value = "Murata Electronics"; VariantName = "[No Variations]"
Add component (AddParameter): Name = "Part Number"; Value = "GRM188R72A104KA35D"; VariantName = "[No Variations]"
Add component (AddParameter): Name = "Value"; Value = "0.1µF"; VariantName = "[No Variations]"
Added Component: Designator=C?(C_0603)
Add component. Clean all parameters for all variants
Add component (AddParameter): Name = "ComponentLink1Description"; Value = "Datasheet"; VariantName = "[No Variations]"
Add component (AddParameter): Name = "ComponentLink1URL"; Value = "https://www.murata.com/~/media/webrenewal/support/library/catalog/products/capacitor/mlcc/c02e.ashx?la=en-us"; VariantName = "[No Variations]"
Add component (AddParameter): Name = "Component Type"; Value = "Capasitor"; VariantName = "[No Variations]"
Add component (AddParameter): Name = "Manufacturer"; Value = "Murata Electronics"; VariantName = "[No Variations]"
Add component (AddParameter): Name = "Part Number"; Value = "GRM188R72A104KA35D"; VariantName = "[No Variations]"
Add component (AddParameter): Name = "Value"; Value = "0.1µF"; VariantName = "[No Variations]"
Added Component: Designator=DA?(SOT-23-6)
Add component. Clean all parameters for all variants
Add component (AddParameter): Name = "HelpURL"; Value = "https://static.chipdip.ru/lib/093/DOC001093117.pdf"; VariantName = "[No Variations]"
Added Component: Designator=DD?(SSOP-28 (MO-150-AH))
Add component. Clean all parameters for all variants
Add component (AddParameter): Name = "Code_JEDEC"; Value = "MO-150-AH"; VariantName = "[No Variations]"
Add component (AddParameter): Name = "PackageDescription"; Value = "SOP, 28-Leads, Body 10,2x5,3mm (max), Pitch 0,65mm, IPC Low Density"; VariantName = "[No Variations]"
Add component (AddParameter): Name = "PackageReference"; Value = "SSOP-28 (MO-150-AH)"; VariantName = "[No Variations]"
Add component (AddParameter): Name = "Temperature Range"; Value = ""; VariantName = "[No Variations]"
Added Component: Designator=HL?(LED_0805_GREEN)
Add component. Clean all parameters for all variants
Added Component: Designator=HL?(LED_0805_GREEN)
Add component. Clean all parameters for all variants
Added Component: Designator=R?(R_0603)
Add component. Clean all parameters for all variants
Add component (AddParameter): Name = "ComponentLink1Description"; Value = "Datasheet"; VariantName = "[No Variations]"
Add component (AddParameter): Name = "ComponentLink1URL"; Value = "https://www.bourns.com/pdfs/chpreztr.pdf"; VariantName = "[No Variations]"
Add component (AddParameter): Name = "Component Type"; Value = "Resistor"; VariantName = "[No Variations]"
Add component (AddParameter): Name = "Manufacturer"; Value = "Bourns Inc."; VariantName = "[No Variations]"
Add component (AddParameter): Name = "Part Number"; Value = "CR0603-FX-2201ELF"; VariantName = "[No Variations]"
Add component (AddParameter): Name = "Value"; Value = "2,2 ך"; VariantName = "[No Variations]"
Added Component: Designator=R?(R_0603)
Add component. Clean all parameters for all variants
Add component (AddParameter): Name = "ComponentLink1Description"; Value = "Datasheet"; VariantName = "[No Variations]"
Add component (AddParameter): Name = "ComponentLink1URL"; Value = "https://www.bourns.com/pdfs/chpreztr.pdf"; VariantName = "[No Variations]"
Add component (AddParameter): Name = "Component Type"; Value = "Resistor"; VariantName = "[No Variations]"
Add component (AddParameter): Name = "Manufacturer"; Value = "Bourns Inc."; VariantName = "[No Variations]"
Add component (AddParameter): Name = "Part Number"; Value = "CR0603-FX-2201ELF"; VariantName = "[No Variations]"
Add component (AddParameter): Name = "Value"; Value = "2,2 ך"; VariantName = "[No Variations]"
Added Component: Designator=R?(R_0603)
Add component. Clean all parameters for all variants
Add component (AddParameter): Name = "ComponentLink1Description"; Value = "Datasheet"; VariantName = "[No Variations]"
Add component (AddParameter): Name = "ComponentLink1URL"; Value = "https://www.bourns.com/pdfs/chpreztr.pdf"; VariantName = "[No Variations]"
Add component (AddParameter): Name = "Component Type"; Value = "Resistor"; VariantName = "[No Variations]"
Add component (AddParameter): Name = "Manufacturer"; Value = "Bourns Inc."; VariantName = "[No Variations]"
Add component (AddParameter): Name = "Part Number"; Value = "CR0603-FX-33R0ELF"; VariantName = "[No Variations]"
Add component (AddParameter): Name = "Value"; Value = "33"; VariantName = "[No Variations]"
Added Component: Designator=R?(R_0603)
Add component. Clean all parameters for all variants
Add component (AddParameter): Name = "ComponentLink1Description"; Value = "Datasheet"; VariantName = "[No Variations]"
Add component (AddParameter): Name = "ComponentLink1URL"; Value = "https://www.bourns.com/pdfs/chpreztr.pdf"; VariantName = "[No Variations]"
Add component (AddParameter): Name = "Component Type"; Value = "Resistor"; VariantName = "[No Variations]"
Add component (AddParameter): Name = "Manufacturer"; Value = "Bourns Inc."; VariantName = "[No Variations]"
Add component (AddParameter): Name = "Part Number"; Value = "CR0603-FX-33R0ELF"; VariantName = "[No Variations]"
Add component (AddParameter): Name = "Value"; Value = "33"; VariantName = "[No Variations]"
Added Pin To Net: NetName=5V_USB Pin=B?-2
Added Pin To Net: NetName=5V_USB Pin=DA?-5
Added Pin To Net: NetName=GND Pin=G?-1
Added Pin To Net: NetName=5V_USB Pin=HL?-2
Added Pin To Net: NetName=5V_USB Pin=HL?-2
Added Pin To Net: NetName=GND Pin=R?-1
Added Pin To Net: NetName=NetDA?_8 Pin=R?-1
Added Pin To Net: NetName=NetL?_1 Pin=R?-2
Added Pin To Net: NetName=TEMP Pin=R?-2
Added Pin To Net: NetName=EXT_GND Pin=C?-1
Added Pin To Net: NetName=EXT_GND Pin=C?-1
Added Pin To Net: NetName=EXT_GND Pin=C?-2
Added Pin To Net: NetName=EXT_GND Pin=DA?-2
Added Pin To Net: NetName=EXT_GND Pin=DD?-7
Added Pin To Net: NetName=EXT_GND Pin=DD?-18
Added Pin To Net: NetName=EXT_GND Pin=DD?-21
Added Pin To Net: NetName=EXT_GND Pin=DD?-25
Added Pin To Net: NetName=EXT_GND Pin=DD?-26
Added Pin To Net: NetName=EXT_GND Pin=XS?-4
Added Net: Name=EXT_GND
Added Pin To Net: NetName=NetB?_1 Pin=B?-1
Added Pin To Net: NetName=NetB?_1 Pin=C?-1
Added Pin To Net: NetName=NetB?_1 Pin=C?-2
Added Pin To Net: NetName=NetB?_1 Pin=DD?-4
Added Pin To Net: NetName=NetB?_1 Pin=DD?-20
Added Net: Name=NetB?_1
Added Pin To Net: NetName=NetDA?_4 Pin=DA?-4
Added Pin To Net: NetName=NetDA?_4 Pin=R?-2
Added Net: Name=NetDA?_4
Added Pin To Net: NetName=NetDA?_6 Pin=DA?-6
Added Pin To Net: NetName=NetDA?_6 Pin=R?-2
Added Net: Name=NetDA?_6
Added Pin To Net: NetName=NetDD?_1 Pin=DD?-1
Added Pin To Net: NetName=NetDD?_1 Pin=R?-2
Added Net: Name=NetDD?_1
Added Pin To Net: NetName=NetDD?_5 Pin=DD?-5
Added Pin To Net: NetName=NetDD?_5 Pin=R?-2
Added Net: Name=NetDD?_5
Added Pin To Net: NetName=NetDD?_15 Pin=DD?-15
Added Pin To Net: NetName=NetDD?_15 Pin=R?-1
Added Net: Name=NetDD?_15
Added Pin To Net: NetName=NetDD?_16 Pin=DD?-16
Added Pin To Net: NetName=NetDD?_16 Pin=R?-1
Added Net: Name=NetDD?_16
Added Pin To Net: NetName=NetDD?_22 Pin=DD?-22
Added Pin To Net: NetName=NetDD?_22 Pin=R?-2
Added Net: Name=NetDD?_22
Added Pin To Net: NetName=NetDD?_23 Pin=DD?-23
Added Pin To Net: NetName=NetDD?_23 Pin=R?-2
Added Net: Name=NetDD?_23
Added Pin To Net: NetName=UART_RX Pin=R?-1
Added Net: Name=UART_RX
Added Pin To Net: NetName=UART_TX Pin=R?-1
Added Net: Name=UART_TX
Added Pin To Net: NetName=USB_N Pin=DA?-3
Added Pin To Net: NetName=USB_N Pin=XS?-2
Added Net: Name=USB_N
Added Pin To Net: NetName=USB_P Pin=DA?-1
Added Pin To Net: NetName=USB_P Pin=XS?-3
Added Net: Name=USB_P
Added Differential Pair: Name=USB
Added Member To Class: ClassName=LoRa_PCB Member=Component B? 220 ־ל
Added Member To Class: ClassName=LoRa_PCB Member=Component C? 10 לך
Added Member To Class: ClassName=LoRa_PCB Member=Component C? 0,1לך
Added Member To Class: ClassName=LoRa_PCB Member=Component C? 0,1 לך
Added Member To Class: ClassName=LoRa_PCB Member=Component C? 220
Added Member To Class: ClassName=LoRa_PCB Member=Component C? 0,1לך
Added Member To Class: ClassName=LoRa_PCB Member=Component C? 10 לך
Added Member To Class: ClassName=LoRa_PCB Member=Component C? 0,1 לך
Added Member To Class: ClassName=LoRa_PCB Member=Component C? 0,1 לך
Added Member To Class: ClassName=LoRa_PCB Member=Component C? 10 לך
Added Member To Class: ClassName=LoRa_PCB Member=Component C? 0,1 לך
Added Member To Class: ClassName=LoRa_PCB Member=Component C? 0,1 לך
Added Member To Class: ClassName=LoRa_PCB Member=Component C? 0,1 לך
Added Member To Class: ClassName=LoRa_PCB Member=Component C? 0,1 לך
Added Member To Class: ClassName=LoRa_PCB Member=Component C? 0,1 לך
Added Member To Class: ClassName=LoRa_PCB Member=Component C? 0,1 לך
Added Member To Class: ClassName=LoRa_PCB Member=Component C? 0,1 לך
Added Member To Class: ClassName=LoRa_PCB Member=Component C? 0,1 לך
Added Member To Class: ClassName=LoRa_PCB Member=Component C? 10 לך
Added Member To Class: ClassName=LoRa_PCB Member=Component C? 0,1 לך
Added Member To Class: ClassName=LoRa_PCB Member=Component C? 0,1 לך
Added Member To Class: ClassName=LoRa_PCB Member=Component C? 0,1 לך
Added Member To Class: ClassName=LoRa_PCB Member=Component C? 0,1 לך
Added Member To Class: ClassName=LoRa_PCB Member=Component C? 0,1 לך
Added Member To Class: ClassName=LoRa_PCB Member=Component C? 0,1 לך
Added Member To Class: ClassName=LoRa_PCB Member=Component DA? USBLC6-2SC6
Added Member To Class: ClassName=LoRa_PCB Member=Component DA? LDO
Added Member To Class: ClassName=LoRa_PCB Member=Component DA? USBLC6-2SC6
Added Member To Class: ClassName=LoRa_PCB Member=Component DD? FT232RL
Added Member To Class: ClassName=LoRa_PCB Member=Component G? FC1-5211
Added Member To Class: ClassName=LoRa_PCB Member=Component HL? BL-LS0805PGC
Added Member To Class: ClassName=LoRa_PCB Member=Component HL? GNL-3012ED
Added Member To Class: ClassName=LoRa_PCB Member=Component HL? GNL-3012ED
Added Member To Class: ClassName=LoRa_PCB Member=Component HL? GNL-3012ED
Added Member To Class: ClassName=LoRa_PCB Member=Component HL? GNL-3012ED
Added Member To Class: ClassName=LoRa_PCB Member=Component R? Thermo_Resistor
Added Member To Class: ClassName=LoRa_PCB Member=Component R? 10 ך
Added Member To Class: ClassName=LoRa_PCB Member=Component R? 10 ך
Added Member To Class: ClassName=LoRa_PCB Member=Component R? 10 ך
Added Member To Class: ClassName=LoRa_PCB Member=Component R? 1 ך
Added Member To Class: ClassName=LoRa_PCB Member=Component R? 10 ך
Added Member To Class: ClassName=LoRa_PCB Member=Component R? 1 ך
Added Member To Class: ClassName=LoRa_PCB Member=Component R? 10 ך
Added Member To Class: ClassName=LoRa_PCB Member=Component R? 220
Added Member To Class: ClassName=LoRa_PCB Member=Component R? 1 ך
Added Member To Class: ClassName=LoRa_PCB Member=Component R? 10 ך
Added Member To Class: ClassName=LoRa_PCB Member=Component R? 20ך
Added Member To Class: ClassName=LoRa_PCB Member=Component R? 1 ך
Added Member To Class: ClassName=LoRa_PCB Member=Component R? 1ך
Added Member To Class: ClassName=LoRa_PCB Member=Component R? 1 ך
Added Member To Class: ClassName=LoRa_PCB Member=Component R? 3ך
Added Member To Class: ClassName=LoRa_PCB Member=Component R? 1
Added Member To Class: ClassName=LoRa_PCB Member=Component R? 180
Added Member To Class: ClassName=LoRa_PCB Member=Component R? 2,2 ך
Added Member To Class: ClassName=LoRa_PCB Member=Component R? 2,2 ך
Added Member To Class: ClassName=LoRa_PCB Member=Component R? 33
Added Member To Class: ClassName=LoRa_PCB Member=Component R? 10
Added Member To Class: ClassName=LoRa_PCB Member=Component R? 10
Added Member To Class: ClassName=LoRa_PCB Member=Component R? 33
Added Member To Class: ClassName=LoRa_PCB Member=Component SB? KLS7-TS6601
Added Member To Class: ClassName=LoRa_PCB Member=Component SB? KLS7-TS6601
Added Member To Class: ClassName=LoRa_PCB Member=Component VD? LL4148-GS08
Added Member To Class: ClassName=LoRa_PCB Member=Component VT? BC847
Added Member To Class: ClassName=LoRa_PCB Member=Component XP? PLS-2
Added Member To Class: ClassName=LoRa_PCB Member=Component XP? IDC-10
Added Member To Class: ClassName=LoRa_PCB Member=Component XS? KLS2-350-3.50-03P-4S
