Change Component Designator: Old Designator=C4 New Designator=C3
Change Component Designator: Old Designator=C5 New Designator=C4
Change Component Designator: Old Designator=C7 New Designator=C5
Change Component Designator: Old Designator=C8 New Designator=C6
Change Component Designator: Old Designator=C9 New Designator=C7
Change Component Designator: Old Designator=C10 New Designator=C8
Change Component Designator: Old Designator=C11 New Designator=C9
Change Component Designator: Old Designator=C12 New Designator=C10
Change Component Designator: Old Designator=C13 New Designator=C12
Change Component Designator: Old Designator=C14 New Designator=C11
Change Component Designator: Old Designator=C15 New Designator=C13
Change Component Designator: Old Designator=C20 New Designator=C14
Change Component Designator: Old Designator=C21 New Designator=C15
Change Component Designator: Old Designator=C22 New Designator=C16
Change Component Designator: Old Designator=C23 New Designator=C17
Change Component Designator: Old Designator=C24 New Designator=C18
Change Component Designator: Old Designator=C25 New Designator=C19
Change Component Designator: Old Designator=C26 New Designator=C20
Change Component Designator: Old Designator=C? New Designator=C1
Change Component Designator: Old Designator=D2 New Designator=D1
Change Component Designator: Old Designator=DA1 New Designator=DA2
Change Component Designator: Old Designator=DA? New Designator=DA1
Change Component Designator: Old Designator=G2 New Designator=G1
Change Component Designator: Old Designator=HL3 New Designator=HL2
Change Component Designator: Old Designator=HL4 New Designator=HL3
Change Component Designator: Old Designator=HL7 New Designator=HL4
Change Component Designator: Old Designator=HL? New Designator=HL1
Change Component Designator: Old Designator=R2 New Designator=R3
Change Component Designator: Old Designator=R7 New Designator=R5
Change Component Designator: Old Designator=R8 New Designator=R6
Change Component Designator: Old Designator=R10 New Designator=R7
Change Component Designator: Old Designator=R12 New Designator=R9
Change Component Designator: Old Designator=R13 New Designator=R10
Change Component Designator: Old Designator=R14 New Designator=R13
Change Component Designator: Old Designator=R15 New Designator=R12
Change Component Designator: Old Designator=R16 New Designator=R14
Change Component Designator: Old Designator=R17 New Designator=R15
Change Component Designator: Old Designator=R18 New Designator=R17
Change Component Designator: Old Designator=R19 New Designator=R18
Change Component Designator: Old Designator=R20 New Designator=R16
Change Component Designator: Old Designator=R21 New Designator=R19
Change Component Designator: Old Designator=R22 New Designator=R20
Change Component Designator: Old Designator=R23 New Designator=R22
Change Component Designator: Old Designator=R24 New Designator=R21
Change Component Designator: Old Designator=R26 New Designator=R23
Change Component Designator: Old Designator=R27 New Designator=R24
Change Component Designator: Old Designator=R? New Designator=R2
Change Component Designator: Old Designator=R? New Designator=R4
Change Component Designator: Old Designator=R? New Designator=R8
Change Component Designator: Old Designator=R? New Designator=R11
Change Component Designator: Old Designator=SW31 New Designator=SW1
