Removed Pin From Net: NetName=TEMP Pin=R?-2
Added Component: Designator=G?(TBH-18650-1A-P)
Add component. Clean all parameters for all variants
Added Pin To Net: NetName=GND Pin=G?-1
Added Pin To Net: NetName=GND Pin=R?-1
Added Pin To Net: NetName=NetL?_1 Pin=R?-2
Added Pin To Net: NetName=TEMP Pin=R?-2
Added Member To Class: ClassName=LoRa_PCB Member=Component C? 0,1 לך
Added Member To Class: ClassName=LoRa_PCB Member=Component C? 0,1 לך
Added Member To Class: ClassName=LoRa_PCB Member=Component C? 0,1 לך
Added Member To Class: ClassName=LoRa_PCB Member=Component C? 0,1 לך
Added Member To Class: ClassName=LoRa_PCB Member=Component C? 0,1 לך
Added Member To Class: ClassName=LoRa_PCB Member=Component C? 0,1 לך
Added Member To Class: ClassName=LoRa_PCB Member=Component C? 0,1 לך
Added Member To Class: ClassName=LoRa_PCB Member=Component C? 0,1 לך
Added Member To Class: ClassName=LoRa_PCB Member=Component C? 0,1 לך
Added Member To Class: ClassName=LoRa_PCB Member=Component C? 0,1 לך
Added Member To Class: ClassName=LoRa_PCB Member=Component C? 0,1 לך
Added Member To Class: ClassName=LoRa_PCB Member=Component C? 0,1 לך
Added Member To Class: ClassName=LoRa_PCB Member=Component C? 0,1 לך
Added Member To Class: ClassName=LoRa_PCB Member=Component C? 0,1 לך
Added Member To Class: ClassName=LoRa_PCB Member=Component C? 10 לך
Added Member To Class: ClassName=LoRa_PCB Member=Component C? 10 לך
Added Member To Class: ClassName=LoRa_PCB Member=Component C? 0,1 לך
Added Member To Class: ClassName=LoRa_PCB Member=Component C? 220
Added Member To Class: ClassName=LoRa_PCB Member=Component C? 0,1לך
Added Member To Class: ClassName=LoRa_PCB Member=Component C? 10 לך
Added Member To Class: ClassName=LoRa_PCB Member=Component C? 0,1לך
Added Member To Class: ClassName=LoRa_PCB Member=Component DA? USBLC6-2SC6
Added Member To Class: ClassName=LoRa_PCB Member=Component DA? LDO
Added Member To Class: ClassName=LoRa_PCB Member=Component G? FC1-5211
Added Member To Class: ClassName=LoRa_PCB Member=Component G? TBH-18650-1A-P
Added Member To Class: ClassName=LoRa_PCB Member=Component HL? GNL-3012ED
Added Member To Class: ClassName=LoRa_PCB Member=Component HL? GNL-3012ED
Added Member To Class: ClassName=LoRa_PCB Member=Component HL? GNL-3012ED
Added Member To Class: ClassName=LoRa_PCB Member=Component R? 20ך
Added Member To Class: ClassName=LoRa_PCB Member=Component R? 1 ך
Added Member To Class: ClassName=LoRa_PCB Member=Component R? 1ך
Added Member To Class: ClassName=LoRa_PCB Member=Component R? 1 ך
Added Member To Class: ClassName=LoRa_PCB Member=Component R? 3ך
Added Member To Class: ClassName=LoRa_PCB Member=Component R? 1
Added Member To Class: ClassName=LoRa_PCB Member=Component R? 180
Added Member To Class: ClassName=LoRa_PCB Member=Component R? 10 ך
Added Member To Class: ClassName=LoRa_PCB Member=Component R? 1 ך
Added Member To Class: ClassName=LoRa_PCB Member=Component R? Thermo_Resistor
Added Member To Class: ClassName=LoRa_PCB Member=Component R? 10 ך
Added Member To Class: ClassName=LoRa_PCB Member=Component R? 10 ך
Added Member To Class: ClassName=LoRa_PCB Member=Component R? 22
Added Member To Class: ClassName=LoRa_PCB Member=Component R? 22
Added Member To Class: ClassName=LoRa_PCB Member=Component R? 10 ך
Added Member To Class: ClassName=LoRa_PCB Member=Component R? 220
Added Member To Class: ClassName=LoRa_PCB Member=Component R? 1 ך
Added Member To Class: ClassName=LoRa_PCB Member=Component R? 1 ך
Added Member To Class: ClassName=LoRa_PCB Member=Component R? 10 ך
Added Member To Class: ClassName=LoRa_PCB Member=Component R? 10 ך
Added Member To Class: ClassName=LoRa_PCB Member=Component SB? KLS7-TS6601
Added Member To Class: ClassName=LoRa_PCB Member=Component SB? KLS7-TS6601
Added Member To Class: ClassName=LoRa_PCB Member=Component VD? LL4148-GS08
Added Member To Class: ClassName=LoRa_PCB Member=Component VT? BC847
Added Member To Class: ClassName=LoRa_PCB Member=Component XP? IDC-10
Added Member To Class: ClassName=LoRa_PCB Member=Component XP? PLS-2
Added Member To Class: ClassName=LoRa_PCB Member=Component XS? KLS1-233-0-0-1-T
Added Room: Name=LoRa_PCB
