Removed Pin From Net: NetName=5V_USB Pin=B1-2
Removed Pin From Net: NetName=GND Pin=C7-1
Removed Pin From Net: NetName=GND Pin=C8-1
Removed Pin From Net: NetName=GND Pin=C9-1
Removed Pin From Net: NetName=GND Pin=C12-2
Removed Pin From Net: NetName=GND Pin=C13-2
Removed Pin From Net: NetName=5V_USB Pin=HL5-2
Removed Pin From Net: NetName=5V_USB Pin=HL6-2
Removed Pin From Net: NetName=BOOT0 Pin=XP3-1
Removed Pin From Net: NetName=GND Pin=XP3-2
Removed Member From Class: ClassName=LoRa_PCB Member=B1
Removed Member From Class: ClassName=LoRa_PCB Member=C7
Removed Member From Class: ClassName=LoRa_PCB Member=C8
Removed Member From Class: ClassName=LoRa_PCB Member=C9
Removed Member From Class: ClassName=LoRa_PCB Member=C12
Removed Member From Class: ClassName=LoRa_PCB Member=C13
Removed Member From Class: ClassName=LoRa_PCB Member=C15
Removed Member From Class: ClassName=LoRa_PCB Member=C17
Removed Member From Class: ClassName=LoRa_PCB Member=C20
Removed Member From Class: ClassName=LoRa_PCB Member=DD?
Removed Member From Class: ClassName=LoRa_PCB Member=HL5
Removed Member From Class: ClassName=LoRa_PCB Member=HL6
Removed Member From Class: ClassName=LoRa_PCB Member=R7
Removed Member From Class: ClassName=LoRa_PCB Member=R20
Removed Member From Class: ClassName=LoRa_PCB Member=R22
Removed Member From Class: ClassName=LoRa_PCB Member=R23
Removed Member From Class: ClassName=LoRa_PCB Member=R24
Removed Member From Class: ClassName=LoRa_PCB Member=XP3
Removed Member From Class: ClassName=LoRa_PCB Member=XT?
Change Component Footprint: Designator=C17 Old Footprint=B_CASE New Footprint=C_0805
Change Component Footprint: Designator=C15 Old Footprint=C_0603 New Footprint=C_0805
Change Component Footprint: Designator=C20 Old Footprint=C_0603 New Footprint=C_0805
Change Component Footprint: Designator=R20 Old Footprint=R_0603 New Footprint=R_0805
Change Component Footprint: Designator=R22 Old Footprint=R_0603 New Footprint=R_0805
Change Component Comment : Designator=C20 Old Comment=0,1 לך New Comment=6800
Change Component Comment : Designator=R20 Old Comment=10 New Comment=330
Change Component Comment : Designator=R22 Old Comment=10 New Comment=330
Change Component Comment : Designator=R7 Old Comment=10 ך New Comment=0
Change Component Comment : Designator=C17 Old Comment=10 לך New Comment=0,1 לך
Change Component Designator: OldDesignator=DD? NewDesignator=DD2
Change component parameters: Designator = "C15" ("C15"); Footprint = "C_0603"; UniqueID = "\VGAQNWFH" ("\VGAQNWFH")
Change component parameters: Designator = "C17" ("C17"); Footprint = "B_CASE"; UniqueID = "\PTECECBC" ("\PTECECBC")
Change component parameters: Designator = "C20" ("C20"); Footprint = "C_0603"; UniqueID = "\DUMOKJZZ" ("\DUMOKJZZ")
Change component parameters: Designator = "R20" ("R20"); Footprint = "R_0603"; UniqueID = "\OZAPVITI" ("\OZAPVITI")
Change component parameters: Designator = "R22" ("R22"); Footprint = "R_0603"; UniqueID = "\UAJJOBYS" ("\UAJJOBYS")
Added Component: Designator=C3(C_0805)
Added Component: Designator=C4(C_Type_A)
Added Component: Designator=C5(C_0805)
Added Component: Designator=C6(C_0805)
Added Component: Designator=C14(C_0805)
Added Component: Designator=C16(C_0805)
Added Component: Designator=C18(C_0805)
Added Component: Designator=C19(C_0805)
Added Component: Designator=C21(C_0805)
Added Component: Designator=C22(C_0805)
Added Component: Designator=C?(C_0805)
Added Component: Designator=C?(C_0805)
Added Component: Designator=C?(C_0805)
Added Component: Designator=C?(C_Type_A)
Added Component: Designator=C?(C_0805)
Added Component: Designator=R3(R_0805)
Added Component: Designator=R5(R_0805)
Added Component: Designator=R6(R_0805)
Added Component: Designator=R10(R_0805)
Added Component: Designator=R12(R_0805)
Added Component: Designator=R13(R_0805)
Added Component: Designator=R14(R_0805)
Added Component: Designator=R15(R_0805)
Added Component: Designator=R16(R_0805)
Added Component: Designator=U?(STM-LQFP64_V)
Add component (AddParameter): Name = "A/D Converter"; Value = "2x12-bit (16 Channel)"; VariantName = "[No Variations]"
Add component (AddParameter): Name = "ComponentLink1Description"; Value = "Manufacturer URL"; VariantName = "[No Variations]"
Add component (AddParameter): Name = "ComponentLink1URL"; Value = "http://www.st.com/web/en/home.html"; VariantName = "[No Variations]"
Add component (AddParameter): Name = "ComponentLink2Description"; Value = "Datasheet"; VariantName = "[No Variations]"
Add component (AddParameter): Name = "ComponentLink2URL"; Value = "http://www.st.com/st-web-ui/static/active/en/resource/technical/document/datasheet/CD00210843.pdf"; VariantName = "[No Variations]"
Add component (AddParameter): Name = "ComponentLink3Description"; Value = "Package Specification"; VariantName = "[No Variations]"
Add component (AddParameter): Name = "ComponentLink3URL"; Value = "http://www.st.com/st-web-ui/static/active/en/resource/technical/document/datasheet/DM00037051.pdf"; VariantName = "[No Variations]"
Add component (AddParameter): Name = "Core"; Value = "ARM Cortex-M3"; VariantName = "[No Variations]"
Add component (AddParameter): Name = "DatasheetVersion"; Value = "Rev. 6"; VariantName = "[No Variations]"
Add component (AddParameter): Name = "FLASH Size (Prog) (kB)"; Value = "32"; VariantName = "[No Variations]"
Add component (AddParameter): Name = "I/Os (High Current)"; Value = "51"; VariantName = "[No Variations]"
Add component (AddParameter): Name = "Internal RAM Size (kB)"; Value = "10"; VariantName = "[No Variations]"
Add component (AddParameter): Name = "Mounting Technology"; Value = "Surface Mount"; VariantName = "[No Variations]"
Add component (AddParameter): Name = "Operating Frequency(F) (Processor speed) (MHz)"; Value = "72"; VariantName = "[No Variations]"
Add component (AddParameter): Name = "PackageDescription"; Value = "64-Pin Low Profile Quad Flat Package, 10 x 10 mm Body, 0.5 mm Pitch"; VariantName = "[No Variations]"
Add component (AddParameter): Name = "PackageReference"; Value = "LQFP64"; VariantName = "[No Variations]"
Add component (AddParameter): Name = "PackageVersion"; Value = "Rev. 4, 06/2013"; VariantName = "[No Variations]"
Add component (AddParameter): Name = "Packing"; Value = "Tray"; VariantName = "[No Variations]"
Add component (AddParameter): Name = "PartNumber"; Value = "STM32F103R6T6A"; VariantName = "[No Variations]"
Add component (AddParameter): Name = "Supply Voltage(Vcc) min (V)"; Value = "2"; VariantName = "[No Variations]"
Added Component: Designator=ZQ2(MQ CRYSTAL)
Added Pin To Net: NetName=3V3 Pin=BA1-1
Added Pin To Net: NetName=GND Pin=C3-1
Added Pin To Net: NetName=3V3 Pin=C3-2
Added Pin To Net: NetName=3V3 Pin=C4-1
Added Pin To Net: NetName=3V3 Pin=C5-2
Added Pin To Net: NetName=3V3 Pin=C6-2
Added Pin To Net: NetName=3V3 Pin=C14-2
Added Pin To Net: NetName=3V3 Pin=C15-2
Added Pin To Net: NetName=3V3 Pin=C16-2
Added Pin To Net: NetName=3V3 Pin=C17-2
Added Pin To Net: NetName=GND Pin=C21-2
Added Pin To Net: NetName=GND Pin=C22-2
Added Pin To Net: NetName=3V3 Pin=C?-1
Added Pin To Net: NetName=GND Pin=C?-1
Added Pin To Net: NetName=GND Pin=C?-1
Added Pin To Net: NetName=GND Pin=C?-1
Added Pin To Net: NetName=GND Pin=C?-1
Added Pin To Net: NetName=3V3 Pin=C?-2
Added Pin To Net: NetName=3V3 Pin=C?-2
Added Pin To Net: NetName=3V3 Pin=C?-2
Added Pin To Net: NetName=3V3 Pin=C?-2
Added Pin To Net: NetName=GND Pin=C?-2
Added Pin To Net: NetName=GND Pin=DA3-2
Added Pin To Net: NetName=3V3 Pin=DD1-1
Added Pin To Net: NetName=RESET Pin=DD1-7
Added Pin To Net: NetName=GND Pin=DD1-8
Added Pin To Net: NetName=3V3 Pin=DD1-9
Added Pin To Net: NetName=PWR_B Pin=DD1-10
Added Pin To Net: NetName=PWR Pin=DD1-11
Added Pin To Net: NetName=Cell_VLT Pin=DD1-12
Added Pin To Net: NetName=a Pin=DD1-13
Added Pin To Net: NetName=b Pin=DD1-14
Added Pin To Net: NetName=c Pin=DD1-15
Added Pin To Net: NetName=d Pin=DD1-16
Added Pin To Net: NetName=e Pin=DD1-17
Added Pin To Net: NetName=GND Pin=DD1-23
Added Pin To Net: NetName=3V3 Pin=DD1-24
Added Pin To Net: NetName=1 Pin=DD1-29
Added Pin To Net: NetName=2 Pin=DD1-30
Added Pin To Net: NetName=3 Pin=DD1-31
Added Pin To Net: NetName=4 Pin=DD1-32
Added Pin To Net: NetName=5 Pin=DD1-33
Added Pin To Net: NetName=SWDIO Pin=DD1-34
Added Pin To Net: NetName=GND Pin=DD1-35
Added Pin To Net: NetName=3V3 Pin=DD1-36
Added Pin To Net: NetName=SWCLK Pin=DD1-37
Added Pin To Net: NetName=LED Pin=DD1-38
Added Pin To Net: NetName=BOOT0 Pin=DD1-44
Added Pin To Net: NetName=GND Pin=DD1-47
Added Pin To Net: NetName=3V3 Pin=DD1-48
Added Pin To Net: NetName=3V3 Pin=DD3-21
Added Pin To Net: NetName=BOOT0 Pin=R3-1
Added Pin To Net: NetName=GND Pin=R3-2
Added Pin To Net: NetName=3V3 Pin=R5-2
Added Pin To Net: NetName=3V3 Pin=R6-2
Added Pin To Net: NetName=3V3 Pin=R14-1
Added Pin To Net: NetName=3V3 Pin=R15-1
Added Pin To Net: NetName=GND Pin=R16-1
Added Pin To Net: NetName=3V3 Pin=VD3-2
Added Pin To Net: NetName=3V3 Pin=XS3-9
Added Pin To Net: NetName=3V3 Pin=XS3-12
Added Pin To Net: NetName=ET_INTn Pin=DD3-36
Added Net: Name=ET_INTn
Added Pin To Net: NetName=ET_MISO Pin=DD3-34
Added Net: Name=ET_MISO
Added Pin To Net: NetName=ET_MOSI Pin=DD3-35
Added Net: Name=ET_MOSI
Added Pin To Net: NetName=ET_RSTn Pin=DD3-37
Added Net: Name=ET_RSTn
Added Pin To Net: NetName=ET_SCLK Pin=DD3-33
Added Net: Name=ET_SCLK
Added Pin To Net: NetName=ET_SCSn Pin=DD3-32
Added Net: Name=ET_SCSn
Added Pin To Net: NetName=NetC21_1 Pin=C21-1
Added Pin To Net: NetName=NetC21_1 Pin=DD3-20
Added Net: Name=NetC21_1
Added Pin To Net: NetName=NetC22_1 Pin=C22-1
Added Pin To Net: NetName=NetC22_1 Pin=DD3-22
Added Net: Name=NetC22_1
Added Pin To Net: NetName=NetDD1_5 Pin=DD1-5
Added Pin To Net: NetName=NetDD1_5 Pin=ZQ1-3
Added Net: Name=NetDD1_5
Added Pin To Net: NetName=NetDD1_6 Pin=DD1-6
Added Pin To Net: NetName=NetDD1_6 Pin=ZQ1-1
Added Net: Name=NetDD1_6
Added Pin To Net: NetName=NetDD3_1 Pin=DD3-1
Added Pin To Net: NetName=NetDD3_1 Pin=R7-2
Added Net: Name=NetDD3_1
Added Pin To Net: NetName=NetDD3_2 Pin=DD3-2
Added Pin To Net: NetName=NetDD3_2 Pin=R10-2
Added Net: Name=NetDD3_2
Added Pin To Net: NetName=NetDD3_5 Pin=DD3-5
Added Pin To Net: NetName=NetDD3_5 Pin=R12-2
Added Net: Name=NetDD3_5
Added Pin To Net: NetName=NetDD3_6 Pin=DD3-6
Added Pin To Net: NetName=NetDD3_6 Pin=R13-2
Added Net: Name=NetDD3_6
Added Pin To Net: NetName=NetDD3_10 Pin=DD3-10
Added Pin To Net: NetName=NetDD3_10 Pin=R16-2
Added Net: Name=NetDD3_10
Added Pin To Net: NetName=NetDD3_25 Pin=DD3-25
Added Pin To Net: NetName=NetDD3_25 Pin=R22-1
Added Net: Name=NetDD3_25
Added Pin To Net: NetName=NetDD3_27 Pin=DD3-27
Added Pin To Net: NetName=NetDD3_27 Pin=R20-2
Added Net: Name=NetDD3_27
Added Pin To Net: NetName=NetDD3_30 Pin=DD3-30
Added Pin To Net: NetName=NetDD3_30 Pin=ZQ2-1
Added Net: Name=NetDD3_30
Added Pin To Net: NetName=NetDD3_31 Pin=DD3-31
Added Pin To Net: NetName=NetDD3_31 Pin=ZQ2-3
Added Net: Name=NetDD3_31
Added Pin To Net: NetName=NetR5_1 Pin=R5-1
Added Pin To Net: NetName=NetR5_1 Pin=R10-1
Added Net: Name=NetR5_1
Added Pin To Net: NetName=NetR6_1 Pin=R6-1
Added Pin To Net: NetName=NetR6_1 Pin=R7-1
Added Net: Name=NetR6_1
Added Pin To Net: NetName=NetR12_1 Pin=R12-1
Added Pin To Net: NetName=NetR12_1 Pin=R14-2
Added Net: Name=NetR12_1
Added Pin To Net: NetName=NetR13_1 Pin=R13-1
Added Pin To Net: NetName=NetR13_1 Pin=R15-2
Added Net: Name=NetR13_1
Added Pin To Net: NetName=NetR20_1 Pin=R20-1
Added Pin To Net: NetName=NetR20_1 Pin=XS3-10
Added Net: Name=NetR20_1
Added Pin To Net: NetName=NetR22_2 Pin=R22-2
Added Pin To Net: NetName=NetR22_2 Pin=XS3-11
Added Net: Name=NetR22_2
Added Pin To Net: NetName=USB_N_ST Pin=R21-1
Added Net: Name=USB_N_ST
Added Pin To Net: NetName=USB_P_ST Pin=R19-1
Added Net: Name=USB_P_ST
Added Member To Class: ClassName=LoRa_PCB Member=Component C3 0,1 לך
Added Member To Class: ClassName=Sheet1 Member=Component C4 10 לך
Added Member To Class: ClassName=Sheet1 Member=Component C5 0,1 לך
Added Member To Class: ClassName=Sheet1 Member=Component C6 0,1 לך
Added Member To Class: ClassName=Sheet1 Member=Component C14 0,1 לך
Added Member To Class: ClassName=Sheet1 Member=Component C15 0,1 לך
Added Member To Class: ClassName=Sheet1 Member=Component C16 0,1 לך
Added Member To Class: ClassName=Sheet1 Member=Component C17 0,1 לך
Added Member To Class: ClassName=Sheet1 Member=Component C18 0.022
Added Member To Class: ClassName=Sheet1 Member=Component C19 6800
Added Member To Class: ClassName=Sheet1 Member=Component C20 6800
Added Member To Class: ClassName=Sheet1 Member=Component C21 4,7לך
Added Member To Class: ClassName=Sheet1 Member=Component C22 0.01
Added Member To Class: ClassName=LoRa_PCB Member=Component C? 0,1 לך
Added Member To Class: ClassName=LoRa_PCB Member=Component C? 0,1 לך
Added Member To Class: ClassName=LoRa_PCB Member=Component C? 0,1 לך
Added Member To Class: ClassName=LoRa_PCB Member=Component C? 10 לך
Added Member To Class: ClassName=LoRa_PCB Member=Component C? 0,1 לך
Added Member To Class: ClassName=LoRa_PCB Member=Component R3 0
Added Member To Class: ClassName=Sheet1 Member=Component R5 49.9
Added Member To Class: ClassName=Sheet1 Member=Component R6 49.9
Added Member To Class: ClassName=Sheet1 Member=Component R7 0
Added Member To Class: ClassName=Sheet1 Member=Component R10 0
Added Member To Class: ClassName=Sheet1 Member=Component R12 0
Added Member To Class: ClassName=Sheet1 Member=Component R13 0
Added Member To Class: ClassName=Sheet1 Member=Component R14 49.9
Added Member To Class: ClassName=Sheet1 Member=Component R15 49.9
Added Member To Class: ClassName=Sheet1 Member=Component R16 12,4ך
Added Member To Class: ClassName=Sheet1 Member=Component R20 330
Added Member To Class: ClassName=Sheet1 Member=Component R22 330
Added Member To Class: ClassName=LoRa_PCB Member=Component U? STM32F103R6T6A
Added Member To Class: ClassName=Sheet1 Member=Component ZQ2 25 ֳּצ
