Removed Pin From Net: NetName=GND Pin=C6-1
Removed Pin From Net: NetName=A Pin=VD2-2
Removed Pin From Net: NetName=B Pin=VD5-2
Removed Pin From Net: NetName=C Pin=VD6-2
Removed Pin From Net: NetName=D Pin=VD7-2
Removed Pin From Net: NetName=E Pin=VD8-2
Removed Pin From Net: NetName=F Pin=VD9-2
Removed Member From Class: ClassName=Sheet1 Member=C21
Removed Member From Class: ClassName=Sheet1 Member=C22
Removed Member From Class: ClassName=Sheet1 Member=R22
Removed Member From Class: ClassName=Sheet1 Member=R28
Change Component Designator: OldDesignator=C5 NewDesignator=C21
Change Component Designator: OldDesignator=C6 NewDesignator=C22
Change Component Designator: OldDesignator=C7 NewDesignator=C5
Change Component Designator: OldDesignator=C8 NewDesignator=C6
Change Component Designator: OldDesignator=C9 NewDesignator=C7
Change Component Designator: OldDesignator=C10 NewDesignator=C8
Change Component Designator: OldDesignator=C11 NewDesignator=C9
Change Component Designator: OldDesignator=C12 NewDesignator=C10
Change Component Designator: OldDesignator=C13 NewDesignator=C11
Change Component Designator: OldDesignator=C14 NewDesignator=C12
Change Component Designator: OldDesignator=C15 NewDesignator=C23
Change Component Designator: OldDesignator=C16 NewDesignator=C24
Change Component Designator: OldDesignator=C17 NewDesignator=C25
Change Component Designator: OldDesignator=C18 NewDesignator=C17
Change Component Designator: OldDesignator=C19 NewDesignator=C16
Change Component Designator: OldDesignator=C20 NewDesignator=C15
Change Component Designator: OldDesignator=C21 NewDesignator=C20
Change Component Designator: OldDesignator=C22 NewDesignator=C19
Change Component Designator: OldDesignator=C23 NewDesignator=C18
Change Component Designator: OldDesignator=C24 NewDesignator=C13
Change Component Designator: OldDesignator=C25 NewDesignator=C14
Change Component Designator: OldDesignator=C? NewDesignator=C26
Change Component Designator: OldDesignator=R5 NewDesignator=R15
Change Component Designator: OldDesignator=R6 NewDesignator=R17
Change Component Designator: OldDesignator=R7 NewDesignator=R22
Change Component Designator: OldDesignator=R8 NewDesignator=R5
Change Component Designator: OldDesignator=R9 NewDesignator=R6
Change Component Designator: OldDesignator=R10 NewDesignator=R18
Change Component Designator: OldDesignator=R11 NewDesignator=R7
Change Component Designator: OldDesignator=R12 NewDesignator=R23
Change Component Designator: OldDesignator=R13 NewDesignator=R20
Change Component Designator: OldDesignator=R14 NewDesignator=R19
Change Component Designator: OldDesignator=R15 NewDesignator=R16
Change Component Designator: OldDesignator=R16 NewDesignator=R24
Change Component Designator: OldDesignator=R17 NewDesignator=R8
Change Component Designator: OldDesignator=R18 NewDesignator=R9
Change Component Designator: OldDesignator=R19 NewDesignator=R10
Change Component Designator: OldDesignator=R20 NewDesignator=R14
Change Component Designator: OldDesignator=R21 NewDesignator=R11
Change Component Designator: OldDesignator=R22 NewDesignator=R13
Change Component Designator: OldDesignator=R28 NewDesignator=R12
Change Component Designator: OldDesignator=R29 NewDesignator=R25
Change Component Designator: OldDesignator=R30 NewDesignator=R21
Change Component Designator: OldDesignator=R31 NewDesignator=R26
Change Component Designator: OldDesignator=SW3 NewDesignator=SW8
Change Component Designator: OldDesignator=SW4 NewDesignator=SW14
Change Component Designator: OldDesignator=SW5 NewDesignator=SW20
Change Component Designator: OldDesignator=SW6 NewDesignator=SW26
Change Component Designator: OldDesignator=SW7 NewDesignator=SW3
Change Component Designator: OldDesignator=SW8 NewDesignator=SW9
Change Component Designator: OldDesignator=SW9 NewDesignator=SW15
Change Component Designator: OldDesignator=SW10 NewDesignator=SW21
Change Component Designator: OldDesignator=SW11 NewDesignator=SW27
Change Component Designator: OldDesignator=SW12 NewDesignator=SW4
Change Component Designator: OldDesignator=SW13 NewDesignator=SW10
Change Component Designator: OldDesignator=SW14 NewDesignator=SW16
Change Component Designator: OldDesignator=SW15 NewDesignator=SW22
Change Component Designator: OldDesignator=SW16 NewDesignator=SW28
Change Component Designator: OldDesignator=SW17 NewDesignator=SW5
Change Component Designator: OldDesignator=SW18 NewDesignator=SW11
Change Component Designator: OldDesignator=SW19 NewDesignator=SW17
Change Component Designator: OldDesignator=SW20 NewDesignator=SW23
Change Component Designator: OldDesignator=SW21 NewDesignator=SW29
Change Component Designator: OldDesignator=SW22 NewDesignator=SW6
Change Component Designator: OldDesignator=SW23 NewDesignator=SW12
Change Component Designator: OldDesignator=SW24 NewDesignator=SW18
Change Component Designator: OldDesignator=SW25 NewDesignator=SW24
Change Component Designator: OldDesignator=SW26 NewDesignator=SW30
Change Component Designator: OldDesignator=SW27 NewDesignator=SW7
Change Component Designator: OldDesignator=SW28 NewDesignator=SW13
Change Component Designator: OldDesignator=SW29 NewDesignator=SW19
Change Component Designator: OldDesignator=SW30 NewDesignator=SW25
Change Component Designator: OldDesignator=VD2 NewDesignator=VD5
Change Component Designator: OldDesignator=VD3 NewDesignator=VD2
Change Component Designator: OldDesignator=VD4 NewDesignator=VD3
Change Component Designator: OldDesignator=VD5 NewDesignator=VD6
Change Component Designator: OldDesignator=VD6 NewDesignator=VD7
Change Component Designator: OldDesignator=VD7 NewDesignator=VD8
Change Component Designator: OldDesignator=VD8 NewDesignator=VD9
Change Component Designator: OldDesignator=VD9 NewDesignator=VD10
Change Component Designator: OldDesignator=VD10 NewDesignator=VD4
Change Net Name : Old Net Name=NetC18_2 New Net Name=NetC17_2
Change Net Name : Old Net Name=NetC21_1 New Net Name=NetC20_1
Change Net Name : Old Net Name=NetC22_1 New Net Name=NetC19_1
Change Net Name : Old Net Name=NetC23_2 New Net Name=NetC18_2
Change Net Name : Old Net Name=NetC24_1 New Net Name=NetC13_1
Change Net Name : Old Net Name=NetR17_1 New Net Name=NetR8_1
Change Net Name : Old Net Name=NetR18_1 New Net Name=NetR9_1
Change Net Name : Old Net Name=NetR19_1 New Net Name=NetR10_1
Change Net Name : Old Net Name=NetR20_1 New Net Name=NetR14_1
Change Net Name : Old Net Name=NetR22_2 New Net Name=NetR13_2
Change Net Name : Old Net Name=NetSW7_1 New Net Name=NetSW3_1
Change Net Name : Old Net Name=NetSW12_1 New Net Name=NetSW4_1
Change Net Name : Old Net Name=NetSW17_1 New Net Name=NetSW5_1
Change Net Name : Old Net Name=NetSW22_1 New Net Name=NetSW6_1
Change Net Name : Old Net Name=NetSW27_1 New Net Name=NetSW7_1
Added Member To Class: ClassName=Sheet1 Member=Component C24 0,1 לך
Added Member To Class: ClassName=Sheet1 Member=Component C25 0,1 לך
Added Member To Class: ClassName=Sheet1 Member=Component R19 49.9
Added Member To Class: ClassName=Sheet1 Member=Component R23 0
