Removed Pin From Net: NetName=3V3 Pin=VD4-2
Removed Pin From Net: NetName=3V3 Pin=VT4-3
Change Component Designator: OldDesignator=XP? NewDesignator=XP3
Added Component: Designator=C24(C_0805)
Added Component: Designator=C25(C_0805)
Added Component: Designator=DA?(SOT223)
Added Component: Designator=R29(R_0805)
Added Component: Designator=R30(R_0805)
Added Component: Designator=R31(R_0805)
Added Component: Designator=VD10(DO-214AC)
Added Component: Designator=VT?(SOT23)
Added Pin To Net: NetName=GND Pin=C24-2
Added Pin To Net: NetName=GND Pin=C25-1
Added Pin To Net: NetName=3V3 Pin=C25-2
Added Pin To Net: NetName=GND Pin=DA?-2
Added Pin To Net: NetName=3V3 Pin=DA?-3
Added Pin To Net: NetName=3V3 Pin=R29-1
Added Pin To Net: NetName=3V3 Pin=R30-1
Added Pin To Net: NetName=3V3 Pin=R31-1
Added Pin To Net: NetName=GND Pin=XP3-8
Added Pin To Net: NetName=GND Pin=XP3-8
Added Pin To Net: NetName=5V_ST Pin=VD10-1
Added Pin To Net: NetName=5V_ST Pin=VT?-1
Added Pin To Net: NetName=5V_ST Pin=XP2-9
Added Pin To Net: NetName=5V_ST Pin=XP2-10
Added Net: Name=5V_ST
Added Pin To Net: NetName=NetC24_1 Pin=C24-1
Added Pin To Net: NetName=NetC24_1 Pin=DA?-1
Added Pin To Net: NetName=NetC24_1 Pin=VD10-2
Added Pin To Net: NetName=NetC24_1 Pin=VT?-2
Added Net: Name=NetC24_1
Added Pin To Net: NetName=NetDD3_43 Pin=DD3-43
Added Pin To Net: NetName=NetDD3_43 Pin=R31-2
Added Net: Name=NetDD3_43
Added Pin To Net: NetName=NetDD3_44 Pin=DD3-44
Added Pin To Net: NetName=NetDD3_44 Pin=R30-2
Added Net: Name=NetDD3_44
Added Pin To Net: NetName=NetDD3_45 Pin=DD3-45
Added Pin To Net: NetName=NetDD3_45 Pin=R29-2
Added Net: Name=NetDD3_45
Added Pin To Net: NetName=NetVD4_2 Pin=VD4-2
Added Pin To Net: NetName=NetVD4_2 Pin=VT4-3
Added Pin To Net: NetName=NetVD4_2 Pin=VT?-3
Added Net: Name=NetVD4_2
Added Member To Class: ClassName=LoRa_PCB Member=Component C24 0,1 לך
Added Member To Class: ClassName=LoRa_PCB Member=Component C25 0,1 לך
Added Member To Class: ClassName=LoRa_PCB Member=Component DA? LM3940IMP-3.3/NOPB
Added Member To Class: ClassName=Sheet1 Member=Component R29 0
Added Member To Class: ClassName=Sheet1 Member=Component R30 0
Added Member To Class: ClassName=Sheet1 Member=Component R31 0
Added Member To Class: ClassName=LoRa_PCB Member=Component VD10 SS14
Added Member To Class: ClassName=LoRa_PCB Member=Component VT? BSS138
