Removed Pin From Net: NetName=CELL Pin=R8-1
Removed Pin From Net: NetName=PWR Pin=R8-2
Removed Pin From Net: NetName=PWR_B Pin=R11-2
Removed Pin From Net: NetName=CELL Pin=SW1-2
Removed Pin From Net: NetName=CELL Pin=SW1-2
Removed Pin From Net: NetName=GND Pin=VD4-1
Removed Pin From Net: NetName=PWR_B Pin=VD4-2
Removed Pin From Net: NetName=PWR Pin=VT2-1
Removed Member From Class: ClassName=LoRa_PCB Member=C26
Removed Member From Class: ClassName=LoRa_PCB Member=C27
Removed Member From Class: ClassName=LoRa_PCB Member=R32
Removed Member From Class: ClassName=LoRa_PCB Member=VD11
Change Component Designator: OldDesignator=C1 NewDesignator=C24
Change Component Designator: OldDesignator=C2 NewDesignator=C25
Change Component Designator: OldDesignator=C3 NewDesignator=C1
Change Component Designator: OldDesignator=C7 NewDesignator=C4
Change Component Designator: OldDesignator=C8 NewDesignator=C9
Change Component Designator: OldDesignator=C24 NewDesignator=C8
Change Component Designator: OldDesignator=C25 NewDesignator=C7
Change Component Designator: OldDesignator=C26 NewDesignator=C2
Change Component Designator: OldDesignator=C27 NewDesignator=C3
Change Component Designator: OldDesignator=C? NewDesignator=C14
Change Component Designator: OldDesignator=DA1 NewDesignator=DA2
Change Component Designator: OldDesignator=DA2 NewDesignator=DA3
Change Component Designator: OldDesignator=DA3 NewDesignator=DA1
Change Component Designator: OldDesignator=DD1 NewDesignator=DD2
Change Component Designator: OldDesignator=DD2 NewDesignator=DD1
Change Component Designator: OldDesignator=R1 NewDesignator=R9
Change Component Designator: OldDesignator=R2 NewDesignator=R21
Change Component Designator: OldDesignator=R3 NewDesignator=R11
Change Component Designator: OldDesignator=R4 NewDesignator=R8
Change Component Designator: OldDesignator=R8 NewDesignator=R17
Change Component Designator: OldDesignator=R9 NewDesignator=R4
Change Component Designator: OldDesignator=R11 NewDesignator=R23
Change Component Designator: OldDesignator=R17 NewDesignator=R3
Change Component Designator: OldDesignator=R18 NewDesignator=R1
Change Component Designator: OldDesignator=R19 NewDesignator=R2
Change Component Designator: OldDesignator=R21 NewDesignator=R19
Change Component Designator: OldDesignator=R32 NewDesignator=R18
Change Component Designator: OldDesignator=VD1 NewDesignator=VD4
Change Component Designator: OldDesignator=VD11 NewDesignator=VD3
Change Component Designator: OldDesignator=VT1 NewDesignator=VT3
Change Component Designator: OldDesignator=VT2 NewDesignator=VT1
Change Component Designator: OldDesignator=VT3 NewDesignator=VT5
Change Component Designator: OldDesignator=XP1 NewDesignator=XP2
Change Component Designator: OldDesignator=XP2 NewDesignator=XP1
Added Component: Designator=VD1(SOT23)
Added Component: Designator=VT2(SOT23)
Added Pin To Net: NetName=CELL Pin=R17-2
Added Pin To Net: NetName=PWR Pin=R23-2
Added Pin To Net: NetName=GND Pin=SW1-1
Added Pin To Net: NetName=GND Pin=SW1-1
Added Pin To Net: NetName=PWR_B Pin=VD1-2
Added Pin To Net: NetName=GND Pin=VT2-2
Change Net Name : Old Net Name=NetC1_1 New Net Name=NetC24_1
Change Net Name : Old Net Name=NetDA3_1 New Net Name=NetDA1_1
Change Net Name : Old Net Name=NetDA3_5 New Net Name=NetDA1_5
Change Net Name : Old Net Name=NetDD1_5 New Net Name=NetDD2_5
Change Net Name : Old Net Name=NetDD1_6 New Net Name=NetDD2_6
Change Net Name : Old Net Name=NetR21_1 New Net Name=NetR19_1
Change Net Name : Old Net Name=NetR32_1 New Net Name=NetR18_1
Added Pin To Net: NetName=NetR17_1 Pin=R17-1
Added Pin To Net: NetName=NetR17_1 Pin=VD1-1
Added Pin To Net: NetName=NetR17_1 Pin=VT1-1
Added Pin To Net: NetName=NetR17_1 Pin=VT2-3
Added Net: Name=NetR17_1
Added Pin To Net: NetName=NetR23_1 Pin=R23-1
Added Pin To Net: NetName=NetR23_1 Pin=VT2-1
Added Net: Name=NetR23_1
Added Pin To Net: NetName=NetSW1_2 Pin=SW1-2
Added Pin To Net: NetName=NetSW1_2 Pin=SW1-2
Added Pin To Net: NetName=NetSW1_2 Pin=VD1-3
Added Net: Name=NetSW1_2
Added Pin To Net: NetName=NetVT1_3 Pin=VT1-3
Added Pin To Net: NetName=NetVT1_3 Pin=VT3-2
Added Net: Name=NetVT1_3
Added Member To Class: ClassName=LoRa_PCB Member=Component C9 1 MK
Added Member To Class: ClassName=LoRa_PCB Member=Component C25 0,1 לך
Added Member To Class: ClassName=Sheet1 Member=Component DD3 W5500
Added Member To Class: ClassName=LoRa_PCB Member=Component R23 1 kOhms
Added Member To Class: ClassName=LoRa_PCB Member=Component VT5 BC847
