Removed Pin From Net: NetName=5V_USB Pin=C1-1
Removed Pin From Net: NetName=GND Pin=C1-2
Removed Pin From Net: NetName=GND Pin=C4-1
Removed Pin From Net: NetName=5V_USB Pin=C4-2
Removed Pin From Net: NetName=CELL Pin=C7-1
Removed Pin From Net: NetName=GND Pin=C7-2
Removed Member From Class: ClassName=Sheet1 Member=C11
Removed Member From Class: ClassName=LoRa_PCB Member=C21
Removed Member From Class: ClassName=Sheet1 Member=R5
Removed Member From Class: ClassName=Sheet1 Member=R11
Removed Member From Class: ClassName=LoRa_PCB Member=R18
Change Component Designator: OldDesignator=C2 NewDesignator=C1
Change Component Designator: OldDesignator=C3 NewDesignator=C2
Change Component Designator: OldDesignator=C5 NewDesignator=C4
Change Component Designator: OldDesignator=C6 NewDesignator=C5
Change Component Designator: OldDesignator=C8 NewDesignator=C7
Change Component Designator: OldDesignator=C9 NewDesignator=C8
Change Component Designator: OldDesignator=C10 NewDesignator=C9
Change Component Designator: OldDesignator=C11 NewDesignator=C10
Change Component Designator: OldDesignator=C12 NewDesignator=C11
Change Component Designator: OldDesignator=C13 NewDesignator=C12
Change Component Designator: OldDesignator=C14 NewDesignator=C13
Change Component Designator: OldDesignator=C15 NewDesignator=C14
Change Component Designator: OldDesignator=C16 NewDesignator=C15
Change Component Designator: OldDesignator=C17 NewDesignator=C16
Change Component Designator: OldDesignator=C18 NewDesignator=C17
Change Component Designator: OldDesignator=C19 NewDesignator=C18
Change Component Designator: OldDesignator=C20 NewDesignator=C19
Change Component Designator: OldDesignator=C21 NewDesignator=C20
Change Component Designator: OldDesignator=C22 NewDesignator=C21
Change Component Designator: OldDesignator=C23 NewDesignator=C22
Change Component Designator: OldDesignator=C24 NewDesignator=C23
Change Component Designator: OldDesignator=C25 NewDesignator=C24
Change Component Designator: OldDesignator=C26 NewDesignator=C25
Added Component: Designator=C3(C_0805)
Added Component: Designator=C6(C_0805)
Added Pin To Net: NetName=GND Pin=C3-1
Added Pin To Net: NetName=5V_USB Pin=C3-2
Added Pin To Net: NetName=GND Pin=C6-1
Added Pin To Net: NetName=CELL Pin=C6-2
Added Pin To Net: NetName=GND Pin=C21-1
Added Pin To Net: NetName=A Pin=VD5-2
Added Pin To Net: NetName=B Pin=VD6-2
Added Pin To Net: NetName=C Pin=VD7-2
Added Pin To Net: NetName=D Pin=VD8-2
Added Pin To Net: NetName=E Pin=VD9-2
Added Pin To Net: NetName=F Pin=VD10-2
Change Net Name : Old Net Name=NetC13_1 New Net Name=NetC12_1
Change Net Name : Old Net Name=NetC17_2 New Net Name=NetC16_2
Change Net Name : Old Net Name=NetC18_2 New Net Name=NetC17_2
Change Net Name : Old Net Name=NetC19_1 New Net Name=NetC18_1
Change Net Name : Old Net Name=NetC20_1 New Net Name=NetC19_1
Added Member To Class: ClassName=LoRa_PCB Member=Component C6 0,1 לך
Added Member To Class: ClassName=LoRa_PCB Member=Component C9 0,1 לך
Added Member To Class: ClassName=LoRa_PCB Member=Component C12 0,1 לך
Added Member To Class: ClassName=Sheet1 Member=Component C15 6800
Added Member To Class: ClassName=Sheet1 Member=Component C19 4,7לך
Added Member To Class: ClassName=Sheet1 Member=Component C21 0,1 לך
Added Member To Class: ClassName=Sheet1 Member=Component C22 0,1 לך
Added Member To Class: ClassName=Sheet1 Member=Component C24 0,1 לך
Added Member To Class: ClassName=LoRa_PCB Member=Component R6 33 Ohms
Added Member To Class: ClassName=LoRa_PCB Member=Component R8 10 kOhms
Added Member To Class: ClassName=LoRa_PCB Member=Component R10 1 kOhms
Added Member To Class: ClassName=Sheet1 Member=Component R12 10
Added Member To Class: ClassName=Sheet1 Member=Component R13 330
Added Member To Class: ClassName=Sheet1 Member=Component R14 330
Added Member To Class: ClassName=Sheet1 Member=Component R15 49.9
Added Member To Class: ClassName=Sheet1 Member=Component R17 49.9
Added Member To Class: ClassName=Sheet1 Member=Component R19 49.9
Added Member To Class: ClassName=Sheet1 Member=Component R21 0
Added Member To Class: ClassName=Sheet1 Member=Component R22 0
Added Member To Class: ClassName=Sheet1 Member=Component SW6 KLS7-TS6604
Added Member To Class: ClassName=Sheet1 Member=Component SW8 KLS7-TS6604
Added Member To Class: ClassName=Sheet1 Member=Component SW12 KLS7-TS6604
Added Member To Class: ClassName=Sheet1 Member=Component SW15 KLS7-TS6604
Added Member To Class: ClassName=Sheet1 Member=Component SW16 KLS7-TS6604
Added Member To Class: ClassName=Sheet1 Member=Component SW19 KLS7-TS6604
Added Member To Class: ClassName=Sheet1 Member=Component SW20 KLS7-TS6604
Added Member To Class: ClassName=Sheet1 Member=Component SW21 KLS7-TS6604
Added Member To Class: ClassName=Sheet1 Member=Component SW23 KLS7-TS6604
Added Member To Class: ClassName=Sheet1 Member=Component SW24 KLS7-TS6604
Added Member To Class: ClassName=Sheet1 Member=Component SW26 KLS7-TS6604
Added Member To Class: ClassName=Sheet1 Member=Component SW27 KLS7-TS6604
Added Member To Class: ClassName=Sheet1 Member=Component SW28 KLS7-TS6604
Added Member To Class: ClassName=Sheet1 Member=Component SW30 KLS7-TS6604
Added Member To Class: ClassName=LoRa_PCB Member=Component VD3 SS14
Added Member To Class: ClassName=Sheet1 Member=Component VD5 LL4148-GS08
Added Member To Class: ClassName=Sheet1 Member=Component VD7 LL4148-GS08
Added Member To Class: ClassName=Sheet1 Member=Component VD9 LL4148-GS08
