Removed Pin From Net: NetName=3V3 Pin=DD1-1
Removed Pin From Net: NetName=RESET Pin=DD1-7
Removed Pin From Net: NetName=GND Pin=DD1-8
Removed Pin From Net: NetName=3V3 Pin=DD1-9
Removed Pin From Net: NetName=PWR_B Pin=DD1-10
Removed Pin From Net: NetName=PWR Pin=DD1-11
Removed Pin From Net: NetName=Cell_VLT Pin=DD1-12
Removed Pin From Net: NetName=a Pin=DD1-13
Removed Pin From Net: NetName=b Pin=DD1-14
Removed Pin From Net: NetName=c Pin=DD1-15
Removed Pin From Net: NetName=d Pin=DD1-16
Removed Pin From Net: NetName=e Pin=DD1-17
Removed Pin From Net: NetName=GND Pin=DD1-23
Removed Pin From Net: NetName=3V3 Pin=DD1-24
Removed Pin From Net: NetName=1 Pin=DD1-29
Removed Pin From Net: NetName=2 Pin=DD1-30
Removed Pin From Net: NetName=3 Pin=DD1-31
Removed Pin From Net: NetName=4 Pin=DD1-32
Removed Pin From Net: NetName=5 Pin=DD1-33
Removed Pin From Net: NetName=SWDIO Pin=DD1-34
Removed Pin From Net: NetName=GND Pin=DD1-35
Removed Pin From Net: NetName=3V3 Pin=DD1-36
Removed Pin From Net: NetName=SWCLK Pin=DD1-37
Removed Pin From Net: NetName=LED Pin=DD1-38
Removed Pin From Net: NetName=BOOT0 Pin=DD1-44
Removed Pin From Net: NetName=GND Pin=DD1-47
Removed Pin From Net: NetName=3V3 Pin=DD1-48
Removed Member From Class: ClassName=LoRa_PCB Member=DD1
Removed Member From Class: ClassName=LoRa_PCB Member=U?
Added Component: Designator=DD?(LQFP64)
Added Member To Class: ClassName=LoRa_PCB Member=Component C? 0,1 לך
Added Member To Class: ClassName=LoRa_PCB Member=Component C? 0,1 לך
Added Member To Class: ClassName=LoRa_PCB Member=Component C? 0,1 לך
Added Member To Class: ClassName=LoRa_PCB Member=Component C? 0,1 לך
Added Member To Class: ClassName=LoRa_PCB Member=Component DD2 WS2812B
Added Member To Class: ClassName=LoRa_PCB Member=Component DD? STM32F103R6T6A
