Change Component Designator: Old Designator=C1 New Designator=C24
Change Component Designator: Old Designator=C2 New Designator=C25
Change Component Designator: Old Designator=C3 New Designator=C1
Change Component Designator: Old Designator=C7 New Designator=C4
Change Component Designator: Old Designator=C8 New Designator=C9
Change Component Designator: Old Designator=C24 New Designator=C8
Change Component Designator: Old Designator=C25 New Designator=C7
Change Component Designator: Old Designator=C26 New Designator=C2
Change Component Designator: Old Designator=C27 New Designator=C3
Change Component Designator: Old Designator=C? New Designator=C14
Change Component Designator: Old Designator=DA1 New Designator=DA2
Change Component Designator: Old Designator=DA2 New Designator=DA3
Change Component Designator: Old Designator=DA3 New Designator=DA1
Change Component Designator: Old Designator=DD1 New Designator=DD2
Change Component Designator: Old Designator=DD2 New Designator=DD1
Change Component Designator: Old Designator=R1 New Designator=R9
Change Component Designator: Old Designator=R2 New Designator=R21
Change Component Designator: Old Designator=R3 New Designator=R11
Change Component Designator: Old Designator=R4 New Designator=R8
Change Component Designator: Old Designator=R8 New Designator=R17
Change Component Designator: Old Designator=R9 New Designator=R4
Change Component Designator: Old Designator=R11 New Designator=R23
Change Component Designator: Old Designator=R17 New Designator=R3
Change Component Designator: Old Designator=R18 New Designator=R1
Change Component Designator: Old Designator=R19 New Designator=R2
Change Component Designator: Old Designator=R21 New Designator=R19
Change Component Designator: Old Designator=R32 New Designator=R18
Change Component Designator: Old Designator=VD1 New Designator=VD4
Change Component Designator: Old Designator=VD11 New Designator=VD3
Change Component Designator: Old Designator=VD? New Designator=VD1
Change Component Designator: Old Designator=VT1 New Designator=VT3
Change Component Designator: Old Designator=VT2 New Designator=VT1
Change Component Designator: Old Designator=VT3 New Designator=VT5
Change Component Designator: Old Designator=VT? New Designator=VT2
Change Component Designator: Old Designator=XP1 New Designator=XP2
Change Component Designator: Old Designator=XP2 New Designator=XP1
