Removed Member From Class: ClassName=LoRa_PCB Member=C?
Removed Member From Class: ClassName=LoRa_PCB Member=R?
Removed Member From Class: ClassName=LoRa_PCB Member=VD?
Removed Member From Class: ClassName=LoRa_PCB Member=VT?
Removed Member From Class: ClassName=LoRa_PCB Member=XP?
Change Component Designator: OldDesignator=C1 NewDesignator=C7
Change Component Designator: OldDesignator=C2 NewDesignator=C27
Change Component Designator: OldDesignator=C3 NewDesignator=C24
Change Component Designator: OldDesignator=C7 NewDesignator=C9
Change Component Designator: OldDesignator=C8 NewDesignator=C10
Change Component Designator: OldDesignator=C9 NewDesignator=C11
Change Component Designator: OldDesignator=C10 NewDesignator=C25
Change Component Designator: OldDesignator=C11 NewDesignator=C26
Change Component Designator: OldDesignator=C24 NewDesignator=C1
Change Component Designator: OldDesignator=C25 NewDesignator=C2
Change Component Designator: OldDesignator=C? NewDesignator=C3
Change Component Designator: OldDesignator=C? NewDesignator=C8
Change Component Designator: OldDesignator=DA1 NewDesignator=DA3
Change Component Designator: OldDesignator=DA3 NewDesignator=DA1
Change Component Designator: OldDesignator=R1 NewDesignator=R17
Change Component Designator: OldDesignator=R2 NewDesignator=R9
Change Component Designator: OldDesignator=R4 NewDesignator=R21
Change Component Designator: OldDesignator=R8 NewDesignator=R18
Change Component Designator: OldDesignator=R9 NewDesignator=R32
Change Component Designator: OldDesignator=R11 NewDesignator=R19
Change Component Designator: OldDesignator=R17 NewDesignator=R8
Change Component Designator: OldDesignator=R19 NewDesignator=R1
Change Component Designator: OldDesignator=R21 NewDesignator=R3
Change Component Designator: OldDesignator=R? NewDesignator=R2
Change Component Designator: OldDesignator=R? NewDesignator=R4
Change Component Designator: OldDesignator=R? NewDesignator=R11
Change Component Designator: OldDesignator=VD1 NewDesignator=VD10
Change Component Designator: OldDesignator=VD3 NewDesignator=VD11
Change Component Designator: OldDesignator=VD4 NewDesignator=VD3
Change Component Designator: OldDesignator=VD10 NewDesignator=VD1
Change Component Designator: OldDesignator=VD? NewDesignator=VD4
Change Component Designator: OldDesignator=VT1 NewDesignator=VT3
Change Component Designator: OldDesignator=VT2 NewDesignator=VT4
Change Component Designator: OldDesignator=VT4 NewDesignator=VT2
Change Component Designator: OldDesignator=VT? NewDesignator=VT1
Change Component Designator: OldDesignator=XP1 NewDesignator=XP2
Change Component Designator: OldDesignator=XP2 NewDesignator=XP3
Change Component Designator: OldDesignator=XP? NewDesignator=XP1
Change Net Name : Old Net Name=NetC24_1 New Net Name=NetC1_1
Change Net Name : Old Net Name=NetDA1_1 New Net Name=NetDA3_1
Change Net Name : Old Net Name=NetDA1_5 New Net Name=NetDA3_5
Change Net Name : Old Net Name=NetR4_1 New Net Name=NetR21_1
Change Net Name : Old Net Name=NetR9_1 New Net Name=NetR32_1
Change Net Name : Old Net Name=NetR?_1 New Net Name=NetR11_1
Change Net Name : Old Net Name=NetVD4_2 New Net Name=NetVD3_2
Added Member To Class: ClassName=LoRa_PCB Member=Component C26 0,1 לך
Added Member To Class: ClassName=LoRa_PCB Member=Component C27 0,1 לך
Added Member To Class: ClassName=LoRa_PCB Member=Component R18 10 ך
Added Member To Class: ClassName=LoRa_PCB Member=Component R21 1 ך
Added Member To Class: ClassName=LoRa_PCB Member=Component R32 1 ך
Added Member To Class: ClassName=Sheet1 Member=Component SW24 KLS7-TS6604
Added Member To Class: ClassName=LoRa_PCB Member=Component VD11 LL4148-GS08
Added Member To Class: ClassName=LoRa_PCB Member=Component VT3 BC847
Added Member To Class: ClassName=LoRa_PCB Member=Component XP3 IDC-10
