Change Component Designator: Old Designator=C1 New Designator=C7
Change Component Designator: Old Designator=C2 New Designator=C27
Change Component Designator: Old Designator=C3 New Designator=C24
Change Component Designator: Old Designator=C7 New Designator=C9
Change Component Designator: Old Designator=C8 New Designator=C10
Change Component Designator: Old Designator=C9 New Designator=C11
Change Component Designator: Old Designator=C10 New Designator=C25
Change Component Designator: Old Designator=C11 New Designator=C26
Change Component Designator: Old Designator=C24 New Designator=C1
Change Component Designator: Old Designator=C25 New Designator=C2
Change Component Designator: Old Designator=C? New Designator=C3
Change Component Designator: Old Designator=C? New Designator=C8
Change Component Designator: Old Designator=DA1 New Designator=DA3
Change Component Designator: Old Designator=DA3 New Designator=DA1
Change Component Designator: Old Designator=R1 New Designator=R17
Change Component Designator: Old Designator=R2 New Designator=R9
Change Component Designator: Old Designator=R4 New Designator=R21
Change Component Designator: Old Designator=R8 New Designator=R18
Change Component Designator: Old Designator=R9 New Designator=R32
Change Component Designator: Old Designator=R11 New Designator=R19
Change Component Designator: Old Designator=R17 New Designator=R8
Change Component Designator: Old Designator=R19 New Designator=R1
Change Component Designator: Old Designator=R21 New Designator=R3
Change Component Designator: Old Designator=R? New Designator=R2
Change Component Designator: Old Designator=R? New Designator=R4
Change Component Designator: Old Designator=R? New Designator=R11
Change Component Designator: Old Designator=VD1 New Designator=VD10
Change Component Designator: Old Designator=VD3 New Designator=VD11
Change Component Designator: Old Designator=VD4 New Designator=VD3
Change Component Designator: Old Designator=VD10 New Designator=VD1
Change Component Designator: Old Designator=VD? New Designator=VD4
Change Component Designator: Old Designator=VT1 New Designator=VT3
Change Component Designator: Old Designator=VT2 New Designator=VT4
Change Component Designator: Old Designator=VT4 New Designator=VT2
Change Component Designator: Old Designator=VT? New Designator=VT1
Change Component Designator: Old Designator=XP1 New Designator=XP2
Change Component Designator: Old Designator=XP2 New Designator=XP3
Change Component Designator: Old Designator=XP? New Designator=XP1
