Change Component Designator: Old Designator=C? New Designator=C15
Change Component Designator: Old Designator=C? New Designator=C16
Change Component Designator: Old Designator=C? New Designator=C17
Change Component Designator: Old Designator=C? New Designator=C18
Change Component Designator: Old Designator=C? New Designator=C19
Change Component Designator: Old Designator=C? New Designator=C20
Change Component Designator: Old Designator=C? New Designator=C21
Change Component Designator: Old Designator=C? New Designator=C22
Change Component Designator: Old Designator=C? New Designator=C23
Change Component Designator: Old Designator=C? New Designator=C24
Change Component Designator: Old Designator=C? New Designator=C25
Change Component Designator: Old Designator=C? New Designator=C26
Change Component Designator: Old Designator=DD? New Designator=DD3
Change Component Designator: Old Designator=R? New Designator=R12
Change Component Designator: Old Designator=R? New Designator=R13
Change Component Designator: Old Designator=R? New Designator=R14
Change Component Designator: Old Designator=R? New Designator=R15
Change Component Designator: Old Designator=R? New Designator=R16
Change Component Designator: Old Designator=R? New Designator=R17
Change Component Designator: Old Designator=R? New Designator=R18
Change Component Designator: Old Designator=R? New Designator=R19
Change Component Designator: Old Designator=R? New Designator=R20
Change Component Designator: Old Designator=R? New Designator=R21
Change Component Designator: Old Designator=R? New Designator=R22
Change Component Designator: Old Designator=R? New Designator=R23
Change Component Designator: Old Designator=R? New Designator=R24
Change Component Designator: Old Designator=R? New Designator=R25
Change Component Designator: Old Designator=R? New Designator=R26
Change Component Designator: Old Designator=SW? New Designator=SW2
Change Component Designator: Old Designator=SW? New Designator=SW3
Change Component Designator: Old Designator=SW? New Designator=SW4
Change Component Designator: Old Designator=SW? New Designator=SW5
Change Component Designator: Old Designator=SW? New Designator=SW6
Change Component Designator: Old Designator=SW? New Designator=SW7
Change Component Designator: Old Designator=SW? New Designator=SW8
Change Component Designator: Old Designator=SW? New Designator=SW9
Change Component Designator: Old Designator=SW? New Designator=SW10
Change Component Designator: Old Designator=SW? New Designator=SW11
Change Component Designator: Old Designator=SW? New Designator=SW12
Change Component Designator: Old Designator=SW? New Designator=SW13
Change Component Designator: Old Designator=SW? New Designator=SW14
Change Component Designator: Old Designator=SW? New Designator=SW15
Change Component Designator: Old Designator=SW? New Designator=SW16
Change Component Designator: Old Designator=SW? New Designator=SW17
Change Component Designator: Old Designator=SW? New Designator=SW18
Change Component Designator: Old Designator=SW? New Designator=SW19
Change Component Designator: Old Designator=SW? New Designator=SW20
Change Component Designator: Old Designator=SW? New Designator=SW21
Change Component Designator: Old Designator=SW? New Designator=SW22
Change Component Designator: Old Designator=SW? New Designator=SW23
Change Component Designator: Old Designator=SW? New Designator=SW24
Change Component Designator: Old Designator=SW? New Designator=SW25
Change Component Designator: Old Designator=SW? New Designator=SW26
Change Component Designator: Old Designator=SW? New Designator=SW27
Change Component Designator: Old Designator=SW? New Designator=SW28
Change Component Designator: Old Designator=SW? New Designator=SW29
Change Component Designator: Old Designator=SW? New Designator=SW30
Change Component Designator: Old Designator=SW? New Designator=SW31
Change Component Designator: Old Designator=VD? New Designator=VD5
Change Component Designator: Old Designator=VD? New Designator=VD6
Change Component Designator: Old Designator=VD? New Designator=VD7
Change Component Designator: Old Designator=VD? New Designator=VD8
Change Component Designator: Old Designator=VD? New Designator=VD9
Change Component Designator: Old Designator=VD? New Designator=VD10
Change Component Designator: Old Designator=XS? New Designator=XS3
Change Component Designator: Old Designator=XS? New Designator=XS3
Change Component Designator: Old Designator=XS? New Designator=XS3
Change Component Designator: Old Designator=ZQ? New Designator=ZQ2
